<?xml version="1.0" encoding="UTF-8"?>
<testsuite xmlns:xsi="http://www.w3.org/2001/XMLSchema-instance" xsi:noNamespaceSchemaLocation="https://maven.apache.org/surefire/maven-surefire-plugin/xsd/surefire-test-report-3.0.xsd" version="3.0" name="test.CheckTest" time="0.005" tests="11" errors="0" skipped="0" failures="0">
  <properties>
[...]
</properties>
  <testcase name="testIsFiletypeExtension" classname="test.CheckTest" time="0.0"/>
  <testcase name="testIsExactLength" classname="test.CheckTest" time="0.0"/>
  <testcase name="testCountCharacterInString" classname="test.CheckTest" time="0.0"/>
  <testcase name="testIsLengthInMinMax" classname="test.CheckTest" time="0.0"/>
  <testcase name="testContainsOnlyNumbers" classname="test.CheckTest" time="0.0"/>
  <testcase name="testIsEmail" classname="test.CheckTest" time="0.001">
    <system-out><![CDATA[13:42:57.934 [main] INFO  util.Check - isEmail: C.O’Su@test.test.ch javax.mail.internet.AddressException: Local address contains control or whitespace in string ``C.O’Su@test.test.ch''
13:42:57.936 [main] INFO  util.Check - isEmail: 'test@test.ch' javax.mail.internet.AddressException: Domain contains illegal character in string ``'test@test.ch'''
13:42:57.938 [main] INFO  util.Check - isEmail: test@ javax.mail.internet.AddressException: Missing domain in string ``test@''
13:42:57.938 [main] INFO  util.Check - isEmail: test javax.mail.internet.AddressException: Missing final '@domain' in string ``test''
13:42:57.938 [main] INFO  util.Check - isEmail: @ javax.mail.internet.AddressException: Missing local name in string ``@''
13:42:57.938 [main] INFO  util.Check - isEmail:  javax.mail.internet.AddressException: Empty address in string ``''
13:42:57.938 [main] ERROR util.Check - isEmail: null java.lang.NullPointerException
]]></system-out>
  </testcase>
  <testcase name="testIsValidIssn" classname="test.CheckTest" time="0.001">
    <system-out><![CDATA[13:42:57.938 [main] ERROR util.Check - invalid checksum: 123-1111
13:42:57.938 [main] ERROR util.Check - invalid checksum:  
13:42:57.938 [main] ERROR util.Check - isValidIssn: null java.lang.NullPointerException
]]></system-out>
  </testcase>
  <testcase name="testIsUrl" classname="test.CheckTest" time="0.002">
    <system-out><![CDATA[Gültige URL: http://test.ch
Gültige URL: https://test.ch
Gültige URL: ftp://test.ch
13:42:57.939 [main] INFO  util.Check - isUrl:  java.net.MalformedURLException: no protocol: 
13:42:57.939 [main] INFO  util.Check - isUrl: www.test.ch java.net.MalformedURLException: no protocol: www.test.ch
13:42:57.940 [main] INFO  util.Check - isUrl: fttp://test.ch java.net.MalformedURLException: unknown protocol: fttp
13:42:57.940 [main] INFO  util.Check - isUrl: null java.net.MalformedURLException
]]></system-out>
  </testcase>
  <testcase name="testIsYear" classname="test.CheckTest" time="0.0"/>
  <testcase name="testIsMinLength" classname="test.CheckTest" time="0.0"/>
  <testcase name="testGetAlphanumericWordCharacters" classname="test.CheckTest" time="0.0"/>
</testsuite>