<?xml version="1.0" encoding="UTF-8"?>
<testsuite xmlns:xsi="http://www.w3.org/2001/XMLSchema-instance" xsi:noNamespaceSchemaLocation="https://maven.apache.org/surefire/maven-surefire-plugin/xsd/surefire-test-report-3.0.xsd" version="3.0" name="test.dbs.actions.user.TestLoginAction" time="0.534" tests="15" errors="10" skipped="0" failures="3">
  <properties>
[...]
</properties>
  <testcase name="testLoginSameMailPwBibliothekarUserAllowedLoginChooseLinkResolver" classname="test.dbs.actions.user.TestLoginAction" time="0.052">
    <error type="java.lang.NullPointerException"><![CDATA[java.lang.NullPointerException
	at test.dbs.actions.user.TestLoginAction.testLoginSameMailPwBibliothekarUserAllowedLoginChooseLinkResolver(TestLoginAction.java:393)
	at sun.reflect.NativeMethodAccessorImpl.invoke0(Native Method)
	at sun.reflect.NativeMethodAccessorImpl.invoke(NativeMethodAccessorImpl.java:62)
	at sun.reflect.DelegatingMethodAccessorImpl.invoke(DelegatingMethodAccessorImpl.java:43)
	at java.lang.reflect.Method.invoke(Method.java:498)
	at junit.framework.TestCase.runTest(TestCase.java:168)
	at junit.framework.TestCase.runBare(TestCase.java:134)
	at junit.framework.TestResult$1.protect(TestResult.java:110)
	at junit.framework.TestResult.runProtected(TestResult.java:128)
	at junit.framework.TestResult.run(TestResult.java:113)
	at junit.framework.TestCase.run(TestCase.java:124)
	at junit.framework.TestSuite.runTest(TestSuite.java:243)
	at junit.framework.TestSuite.run(TestSuite.java:238)
	at org.junit.internal.runners.JUnit38ClassRunner.run(JUnit38ClassRunner.java:83)
	at org.apache.maven.surefire.junit4.JUnit4Provider.execute(JUnit4Provider.java:316)
	at org.apache.maven.surefire.junit4.JUnit4Provider.executeWithRerun(JUnit4Provider.java:240)
	at org.apache.maven.surefire.junit4.JUnit4Provider.executeTestSet(JUnit4Provider.java:214)
	at org.apache.maven.surefire.junit4.JUnit4Provider.invoke(JUnit4Provider.java:155)
	at org.apache.maven.surefire.booter.ForkedBooter.runSuitesInProcess(ForkedBooter.java:385)
	at org.apache.maven.surefire.booter.ForkedBooter.execute(ForkedBooter.java:162)
	at org.apache.maven.surefire.booter.ForkedBooter.run(ForkedBooter.java:507)
	at org.apache.maven.surefire.booter.ForkedBooter.main(ForkedBooter.java:495)
]]></error>
    <system-out><![CDATA[13:42:58.712 [main] INFO  ch.dbs.actions.user.LoginAction - Wrong Login-Credentials!: testitestmail@eldali.ch
]]></system-out>
    <system-err><![CDATA[janv. 26, 2026 1:42:58 PM org.apache.struts.action.ActionServlet initChain
INFOS: Loading chain catalog from jar:file:/C:/ProgramData/app_data/.m2/repository/org/apache/struts/struts-core/1.3.10/struts-core-1.3.10.jar!/org/apache/struts/chain/chain-config.xml
janv. 26, 2026 1:42:58 PM org.apache.struts.config.impl.ModuleConfigImpl addActionConfig
AVERTISSEMENT: Overriding ActionConfig of path /uebersicht
janv. 26, 2026 1:42:58 PM org.apache.struts.config.impl.ModuleConfigImpl addActionConfig
AVERTISSEMENT: Overriding ActionConfig of path /anmeldungkonto
janv. 26, 2026 1:42:58 PM org.apache.struts.config.impl.ModuleConfigImpl addActionConfig
AVERTISSEMENT: Overriding ActionConfig of path /journalsave
janv. 26, 2026 1:42:58 PM org.apache.struts.config.impl.ModuleConfigImpl addActionConfig
AVERTISSEMENT: Overriding ActionConfig of path /journalsave
janv. 26, 2026 1:42:58 PM org.apache.struts.config.impl.ModuleConfigImpl addActionConfig
AVERTISSEMENT: Overriding ActionConfig of path /ordersuccess
janv. 26, 2026 1:42:58 PM org.apache.struts.validator.ValidatorPlugIn initResources
INFOS: Loading validation rules file from '/WEB-INF/validator-rules.xml'
janv. 26, 2026 1:42:58 PM org.apache.struts.validator.ValidatorPlugIn initResources
INFOS: Loading validation rules file from '/WEB-INF/validation.xml'
janv. 26, 2026 1:42:58 PM org.apache.struts.tiles.TilesPlugin initDefinitionsFactory
INFOS: Tiles definition factory loaded for module ''.
janv. 26, 2026 1:42:58 PM org.apache.struts.chain.ComposableRequestProcessor init
INFOS: Initializing composable request processor for module prefix ''
janv. 26, 2026 1:42:58 PM org.apache.struts.chain.commands.servlet.CreateAction createAction
INFOS: Initialize action of type: ch.dbs.actions.user.PrepareLoginAction
janv. 26, 2026 1:42:58 PM org.apache.struts.chain.commands.servlet.CreateAction createAction
INFOS: Initialize action of type: ch.dbs.actions.user.LoginAction
]]></system-err>
  </testcase>
  <testcase name="testLoginSameMailPwBibliothekarUserNotAllowedLoginKontoUserLoginTrue" classname="test.dbs.actions.user.TestLoginAction" time="0.0">
    <error type="java.lang.NullPointerException"><![CDATA[java.lang.NullPointerException
	at test.dbs.actions.user.TestLoginAction.testLoginSameMailPwBibliothekarUserNotAllowedLoginKontoUserLoginTrue(TestLoginAction.java:245)
	at sun.reflect.NativeMethodAccessorImpl.invoke0(Native Method)
	at sun.reflect.NativeMethodAccessorImpl.invoke(NativeMethodAccessorImpl.java:62)
	at sun.reflect.DelegatingMethodAccessorImpl.invoke(DelegatingMethodAccessorImpl.java:43)
	at java.lang.reflect.Method.invoke(Method.java:498)
	at junit.framework.TestCase.runTest(TestCase.java:168)
	at junit.framework.TestCase.runBare(TestCase.java:134)
	at junit.framework.TestResult$1.protect(TestResult.java:110)
	at junit.framework.TestResult.runProtected(TestResult.java:128)
	at junit.framework.TestResult.run(TestResult.java:113)
	at junit.framework.TestCase.run(TestCase.java:124)
	at junit.framework.TestSuite.runTest(TestSuite.java:243)
	at junit.framework.TestSuite.run(TestSuite.java:238)
	at org.junit.internal.runners.JUnit38ClassRunner.run(JUnit38ClassRunner.java:83)
	at org.apache.maven.surefire.junit4.JUnit4Provider.execute(JUnit4Provider.java:316)
	at org.apache.maven.surefire.junit4.JUnit4Provider.executeWithRerun(JUnit4Provider.java:240)
	at org.apache.maven.surefire.junit4.JUnit4Provider.executeTestSet(JUnit4Provider.java:214)
	at org.apache.maven.surefire.junit4.JUnit4Provider.invoke(JUnit4Provider.java:155)
	at org.apache.maven.surefire.booter.ForkedBooter.runSuitesInProcess(ForkedBooter.java:385)
	at org.apache.maven.surefire.booter.ForkedBooter.execute(ForkedBooter.java:162)
	at org.apache.maven.surefire.booter.ForkedBooter.run(ForkedBooter.java:507)
	at org.apache.maven.surefire.booter.ForkedBooter.main(ForkedBooter.java:495)
]]></error>
  </testcase>
  <testcase name="testLoginSameMailPwBibliothekarUserAllowedLoginChooseFakeChoose" classname="test.dbs.actions.user.TestLoginAction" time="0.078">
    <error message="An uncaught exception was thrown during actionExecute()" type="servletunit.struts.ExceptionDuringTestError"><![CDATA[servletunit.struts.ExceptionDuringTestError: An uncaught exception was thrown during actionExecute()
	at servletunit.struts.MockStrutsTestCase.actionPerform(MockStrutsTestCase.java:305)
	at test.dbs.actions.user.TestLoginAction.testLoginSameMailPwBibliothekarUserAllowedLoginChooseFakeChoose(TestLoginAction.java:338)
	at sun.reflect.NativeMethodAccessorImpl.invoke0(Native Method)
	at sun.reflect.NativeMethodAccessorImpl.invoke(NativeMethodAccessorImpl.java:62)
	at sun.reflect.DelegatingMethodAccessorImpl.invoke(DelegatingMethodAccessorImpl.java:43)
	at java.lang.reflect.Method.invoke(Method.java:498)
	at junit.framework.TestCase.runTest(TestCase.java:168)
	at junit.framework.TestCase.runBare(TestCase.java:134)
	at junit.framework.TestResult$1.protect(TestResult.java:110)
	at junit.framework.TestResult.runProtected(TestResult.java:128)
	at junit.framework.TestResult.run(TestResult.java:113)
	at junit.framework.TestCase.run(TestCase.java:124)
	at junit.framework.TestSuite.runTest(TestSuite.java:243)
	at junit.framework.TestSuite.run(TestSuite.java:238)
	at org.junit.internal.runners.JUnit38ClassRunner.run(JUnit38ClassRunner.java:83)
	at org.apache.maven.surefire.junit4.JUnit4Provider.execute(JUnit4Provider.java:316)
	at org.apache.maven.surefire.junit4.JUnit4Provider.executeWithRerun(JUnit4Provider.java:240)
	at org.apache.maven.surefire.junit4.JUnit4Provider.executeTestSet(JUnit4Provider.java:214)
	at org.apache.maven.surefire.junit4.JUnit4Provider.invoke(JUnit4Provider.java:155)
	at org.apache.maven.surefire.booter.ForkedBooter.runSuitesInProcess(ForkedBooter.java:385)
	at org.apache.maven.surefire.booter.ForkedBooter.execute(ForkedBooter.java:162)
	at org.apache.maven.surefire.booter.ForkedBooter.run(ForkedBooter.java:507)
	at org.apache.maven.surefire.booter.ForkedBooter.main(ForkedBooter.java:495)
------------
Root Cause:
------------
javax.servlet.ServletException: java.lang.NullPointerException
	at org.apache.struts.chain.ComposableRequestProcessor.process(ComposableRequestProcessor.java:286)
	at org.apache.struts.action.ActionServlet.process(ActionServlet.java:1913)
	at org.apache.struts.action.ActionServlet.doPost(ActionServlet.java:462)
	at servletunit.struts.MockStrutsTestCase.actionPerform(MockStrutsTestCase.java:290)
	at test.dbs.actions.user.TestLoginAction.testLoginSameMailPwBibliothekarUserAllowedLoginChooseFakeChoose(TestLoginAction.java:338)
	at sun.reflect.NativeMethodAccessorImpl.invoke0(Native Method)
	at sun.reflect.NativeMethodAccessorImpl.invoke(NativeMethodAccessorImpl.java:62)
	at sun.reflect.DelegatingMethodAccessorImpl.invoke(DelegatingMethodAccessorImpl.java:43)
	at java.lang.reflect.Method.invoke(Method.java:498)
	at junit.framework.TestCase.runTest(TestCase.java:168)
	at junit.framework.TestCase.runBare(TestCase.java:134)
	at junit.framework.TestResult$1.protect(TestResult.java:110)
	at junit.framework.TestResult.runProtected(TestResult.java:128)
	at junit.framework.TestResult.run(TestResult.java:113)
	at junit.framework.TestCase.run(TestCase.java:124)
	at junit.framework.TestSuite.runTest(TestSuite.java:243)
	at junit.framework.TestSuite.run(TestSuite.java:238)
	at org.junit.internal.runners.JUnit38ClassRunner.run(JUnit38ClassRunner.java:83)
	at org.apache.maven.surefire.junit4.JUnit4Provider.execute(JUnit4Provider.java:316)
	at org.apache.maven.surefire.junit4.JUnit4Provider.executeWithRerun(JUnit4Provider.java:240)
	at org.apache.maven.surefire.junit4.JUnit4Provider.executeTestSet(JUnit4Provider.java:214)
	at org.apache.maven.surefire.junit4.JUnit4Provider.invoke(JUnit4Provider.java:155)
	at org.apache.maven.surefire.booter.ForkedBooter.runSuitesInProcess(ForkedBooter.java:385)
	at org.apache.maven.surefire.booter.ForkedBooter.execute(ForkedBooter.java:162)
	at org.apache.maven.surefire.booter.ForkedBooter.run(ForkedBooter.java:507)
	at org.apache.maven.surefire.booter.ForkedBooter.main(ForkedBooter.java:495)
Caused by: java.lang.NullPointerException
	at ch.dbs.actions.user.UserAction.setuser(UserAction.java:386)
	at sun.reflect.NativeMethodAccessorImpl.invoke0(Native Method)
	at sun.reflect.NativeMethodAccessorImpl.invoke(NativeMethodAccessorImpl.java:62)
	at sun.reflect.DelegatingMethodAccessorImpl.invoke(DelegatingMethodAccessorImpl.java:43)
	at java.lang.reflect.Method.invoke(Method.java:498)
	at org.apache.struts.actions.DispatchAction.dispatchMethod(DispatchAction.java:269)
	at org.apache.struts.actions.DispatchAction.execute(DispatchAction.java:170)
	at org.apache.struts.chain.commands.servlet.ExecuteAction.execute(ExecuteAction.java:58)
	at org.apache.struts.chain.commands.AbstractExecuteAction.execute(AbstractExecuteAction.java:67)
	at org.apache.struts.chain.commands.ActionCommandBase.execute(ActionCommandBase.java:51)
	at org.apache.commons.chain.impl.ChainBase.execute(ChainBase.java:191)
	at org.apache.commons.chain.generic.LookupCommand.execute(LookupCommand.java:305)
	at org.apache.commons.chain.impl.ChainBase.execute(ChainBase.java:191)
	at org.apache.struts.chain.ComposableRequestProcessor.process(ComposableRequestProcessor.java:283)
	... 25 more
------------
Root Cause:
------------
java.lang.NullPointerException
	at ch.dbs.actions.user.UserAction.setuser(UserAction.java:386)
	at sun.reflect.NativeMethodAccessorImpl.invoke0(Native Method)
	at sun.reflect.NativeMethodAccessorImpl.invoke(NativeMethodAccessorImpl.java:62)
	at sun.reflect.DelegatingMethodAccessorImpl.invoke(DelegatingMethodAccessorImpl.java:43)
	at java.lang.reflect.Method.invoke(Method.java:498)
	at org.apache.struts.actions.DispatchAction.dispatchMethod(DispatchAction.java:269)
	at org.apache.struts.actions.DispatchAction.execute(DispatchAction.java:170)
	at org.apache.struts.chain.commands.servlet.ExecuteAction.execute(ExecuteAction.java:58)
	at org.apache.struts.chain.commands.AbstractExecuteAction.execute(AbstractExecuteAction.java:67)
	at org.apache.struts.chain.commands.ActionCommandBase.execute(ActionCommandBase.java:51)
	at org.apache.commons.chain.impl.ChainBase.execute(ChainBase.java:191)
	at org.apache.commons.chain.generic.LookupCommand.execute(LookupCommand.java:305)
	at org.apache.commons.chain.impl.ChainBase.execute(ChainBase.java:191)
	at org.apache.struts.chain.ComposableRequestProcessor.process(ComposableRequestProcessor.java:283)
	at org.apache.struts.action.ActionServlet.process(ActionServlet.java:1913)
	at org.apache.struts.action.ActionServlet.doPost(ActionServlet.java:462)
	at servletunit.struts.MockStrutsTestCase.actionPerform(MockStrutsTestCase.java:290)
	at test.dbs.actions.user.TestLoginAction.testLoginSameMailPwBibliothekarUserAllowedLoginChooseFakeChoose(TestLoginAction.java:338)
	at sun.reflect.NativeMethodAccessorImpl.invoke0(Native Method)
	at sun.reflect.NativeMethodAccessorImpl.invoke(NativeMethodAccessorImpl.java:62)
	at sun.reflect.DelegatingMethodAccessorImpl.invoke(DelegatingMethodAccessorImpl.java:43)
	at java.lang.reflect.Method.invoke(Method.java:498)
	at junit.framework.TestCase.runTest(TestCase.java:168)
	at junit.framework.TestCase.runBare(TestCase.java:134)
	at junit.framework.TestResult$1.protect(TestResult.java:110)
	at junit.framework.TestResult.runProtected(TestResult.java:128)
	at junit.framework.TestResult.run(TestResult.java:113)
	at junit.framework.TestCase.run(TestCase.java:124)
	at junit.framework.TestSuite.runTest(TestSuite.java:243)
	at junit.framework.TestSuite.run(TestSuite.java:238)
	at org.junit.internal.runners.JUnit38ClassRunner.run(JUnit38ClassRunner.java:83)
	at org.apache.maven.surefire.junit4.JUnit4Provider.execute(JUnit4Provider.java:316)
	at org.apache.maven.surefire.junit4.JUnit4Provider.executeWithRerun(JUnit4Provider.java:240)
	at org.apache.maven.surefire.junit4.JUnit4Provider.executeTestSet(JUnit4Provider.java:214)
	at org.apache.maven.surefire.junit4.JUnit4Provider.invoke(JUnit4Provider.java:155)
	at org.apache.maven.surefire.booter.ForkedBooter.runSuitesInProcess(ForkedBooter.java:385)
	at org.apache.maven.surefire.booter.ForkedBooter.execute(ForkedBooter.java:162)
	at org.apache.maven.surefire.booter.ForkedBooter.run(ForkedBooter.java:507)
	at org.apache.maven.surefire.booter.ForkedBooter.main(ForkedBooter.java:495)
]]></error>
    <system-out><![CDATA[13:42:58.756 [main] INFO  ch.dbs.actions.user.LoginAction - Wrong Login-Credentials!: testitestmail@eldali.ch
]]></system-out>
    <system-err><![CDATA[janv. 26, 2026 1:42:58 PM org.apache.struts.action.ActionServlet initChain
INFOS: Loading chain catalog from jar:file:/C:/ProgramData/app_data/.m2/repository/org/apache/struts/struts-core/1.3.10/struts-core-1.3.10.jar!/org/apache/struts/chain/chain-config.xml
janv. 26, 2026 1:42:58 PM org.apache.struts.config.impl.ModuleConfigImpl addActionConfig
AVERTISSEMENT: Overriding ActionConfig of path /uebersicht
janv. 26, 2026 1:42:58 PM org.apache.struts.config.impl.ModuleConfigImpl addActionConfig
AVERTISSEMENT: Overriding ActionConfig of path /anmeldungkonto
janv. 26, 2026 1:42:58 PM org.apache.struts.config.impl.ModuleConfigImpl addActionConfig
AVERTISSEMENT: Overriding ActionConfig of path /journalsave
janv. 26, 2026 1:42:58 PM org.apache.struts.config.impl.ModuleConfigImpl addActionConfig
AVERTISSEMENT: Overriding ActionConfig of path /journalsave
janv. 26, 2026 1:42:58 PM org.apache.struts.config.impl.ModuleConfigImpl addActionConfig
AVERTISSEMENT: Overriding ActionConfig of path /ordersuccess
janv. 26, 2026 1:42:58 PM org.apache.struts.validator.ValidatorPlugIn initResources
INFOS: Loading validation rules file from '/WEB-INF/validator-rules.xml'
janv. 26, 2026 1:42:58 PM org.apache.struts.validator.ValidatorPlugIn initResources
INFOS: Loading validation rules file from '/WEB-INF/validation.xml'
janv. 26, 2026 1:42:58 PM org.apache.struts.tiles.TilesPlugin initDefinitionsFactory
INFOS: Tiles definition factory loaded for module ''.
janv. 26, 2026 1:42:58 PM org.apache.struts.chain.ComposableRequestProcessor init
INFOS: Initializing composable request processor for module prefix ''
janv. 26, 2026 1:42:58 PM org.apache.struts.chain.commands.servlet.CreateAction createAction
INFOS: Initialize action of type: ch.dbs.actions.user.LoginAction
janv. 26, 2026 1:42:58 PM org.apache.struts.chain.commands.servlet.CreateAction createAction
INFOS: Initialize action of type: ch.dbs.actions.user.UserAction
janv. 26, 2026 1:42:58 PM org.apache.struts.chain.commands.AbstractExceptionHandler execute
AVERTISSEMENT: Unhandled exception
java.lang.NullPointerException
	at ch.dbs.actions.user.UserAction.setuser(UserAction.java:386)
	at sun.reflect.NativeMethodAccessorImpl.invoke0(Native Method)
	at sun.reflect.NativeMethodAccessorImpl.invoke(NativeMethodAccessorImpl.java:62)
	at sun.reflect.DelegatingMethodAccessorImpl.invoke(DelegatingMethodAccessorImpl.java:43)
	at java.lang.reflect.Method.invoke(Method.java:498)
	at org.apache.struts.actions.DispatchAction.dispatchMethod(DispatchAction.java:269)
	at org.apache.struts.actions.DispatchAction.execute(DispatchAction.java:170)
	at org.apache.struts.chain.commands.servlet.ExecuteAction.execute(ExecuteAction.java:58)
	at org.apache.struts.chain.commands.AbstractExecuteAction.execute(AbstractExecuteAction.java:67)
	at org.apache.struts.chain.commands.ActionCommandBase.execute(ActionCommandBase.java:51)
	at org.apache.commons.chain.impl.ChainBase.execute(ChainBase.java:191)
	at org.apache.commons.chain.generic.LookupCommand.execute(LookupCommand.java:305)
	at org.apache.commons.chain.impl.ChainBase.execute(ChainBase.java:191)
	at org.apache.struts.chain.ComposableRequestProcessor.process(ComposableRequestProcessor.java:283)
	at org.apache.struts.action.ActionServlet.process(ActionServlet.java:1913)
	at org.apache.struts.action.ActionServlet.doPost(ActionServlet.java:462)
	at servletunit.struts.MockStrutsTestCase.actionPerform(MockStrutsTestCase.java:290)
	at test.dbs.actions.user.TestLoginAction.testLoginSameMailPwBibliothekarUserAllowedLoginChooseFakeChoose(TestLoginAction.java:338)
	at sun.reflect.NativeMethodAccessorImpl.invoke0(Native Method)
	at sun.reflect.NativeMethodAccessorImpl.invoke(NativeMethodAccessorImpl.java:62)
	at sun.reflect.DelegatingMethodAccessorImpl.invoke(DelegatingMethodAccessorImpl.java:43)
	at java.lang.reflect.Method.invoke(Method.java:498)
	at junit.framework.TestCase.runTest(TestCase.java:168)
	at junit.framework.TestCase.runBare(TestCase.java:134)
	at junit.framework.TestResult$1.protect(TestResult.java:110)
	at junit.framework.TestResult.runProtected(TestResult.java:128)
	at junit.framework.TestResult.run(TestResult.java:113)
	at junit.framework.TestCase.run(TestCase.java:124)
	at junit.framework.TestSuite.runTest(TestSuite.java:243)
	at junit.framework.TestSuite.run(TestSuite.java:238)
	at org.junit.internal.runners.JUnit38ClassRunner.run(JUnit38ClassRunner.java:83)
	at org.apache.maven.surefire.junit4.JUnit4Provider.execute(JUnit4Provider.java:316)
	at org.apache.maven.surefire.junit4.JUnit4Provider.executeWithRerun(JUnit4Provider.java:240)
	at org.apache.maven.surefire.junit4.JUnit4Provider.executeTestSet(JUnit4Provider.java:214)
	at org.apache.maven.surefire.junit4.JUnit4Provider.invoke(JUnit4Provider.java:155)
	at org.apache.maven.surefire.booter.ForkedBooter.runSuitesInProcess(ForkedBooter.java:385)
	at org.apache.maven.surefire.booter.ForkedBooter.execute(ForkedBooter.java:162)
	at org.apache.maven.surefire.booter.ForkedBooter.run(ForkedBooter.java:507)
	at org.apache.maven.surefire.booter.ForkedBooter.main(ForkedBooter.java:495)

janv. 26, 2026 1:42:58 PM org.apache.struts.chain.commands.ExceptionCatcher postprocess
AVERTISSEMENT: Exception from exceptionCommand 'servlet-exception'
java.lang.NullPointerException
	at ch.dbs.actions.user.UserAction.setuser(UserAction.java:386)
	at sun.reflect.NativeMethodAccessorImpl.invoke0(Native Method)
	at sun.reflect.NativeMethodAccessorImpl.invoke(NativeMethodAccessorImpl.java:62)
	at sun.reflect.DelegatingMethodAccessorImpl.invoke(DelegatingMethodAccessorImpl.java:43)
	at java.lang.reflect.Method.invoke(Method.java:498)
	at org.apache.struts.actions.DispatchAction.dispatchMethod(DispatchAction.java:269)
	at org.apache.struts.actions.DispatchAction.execute(DispatchAction.java:170)
	at org.apache.struts.chain.commands.servlet.ExecuteAction.execute(ExecuteAction.java:58)
	at org.apache.struts.chain.commands.AbstractExecuteAction.execute(AbstractExecuteAction.java:67)
	at org.apache.struts.chain.commands.ActionCommandBase.execute(ActionCommandBase.java:51)
	at org.apache.commons.chain.impl.ChainBase.execute(ChainBase.java:191)
	at org.apache.commons.chain.generic.LookupCommand.execute(LookupCommand.java:305)
	at org.apache.commons.chain.impl.ChainBase.execute(ChainBase.java:191)
	at org.apache.struts.chain.ComposableRequestProcessor.process(ComposableRequestProcessor.java:283)
	at org.apache.struts.action.ActionServlet.process(ActionServlet.java:1913)
	at org.apache.struts.action.ActionServlet.doPost(ActionServlet.java:462)
	at servletunit.struts.MockStrutsTestCase.actionPerform(MockStrutsTestCase.java:290)
	at test.dbs.actions.user.TestLoginAction.testLoginSameMailPwBibliothekarUserAllowedLoginChooseFakeChoose(TestLoginAction.java:338)
	at sun.reflect.NativeMethodAccessorImpl.invoke0(Native Method)
	at sun.reflect.NativeMethodAccessorImpl.invoke(NativeMethodAccessorImpl.java:62)
	at sun.reflect.DelegatingMethodAccessorImpl.invoke(DelegatingMethodAccessorImpl.java:43)
	at java.lang.reflect.Method.invoke(Method.java:498)
	at junit.framework.TestCase.runTest(TestCase.java:168)
	at junit.framework.TestCase.runBare(TestCase.java:134)
	at junit.framework.TestResult$1.protect(TestResult.java:110)
	at junit.framework.TestResult.runProtected(TestResult.java:128)
	at junit.framework.TestResult.run(TestResult.java:113)
	at junit.framework.TestCase.run(TestCase.java:124)
	at junit.framework.TestSuite.runTest(TestSuite.java:243)
	at junit.framework.TestSuite.run(TestSuite.java:238)
	at org.junit.internal.runners.JUnit38ClassRunner.run(JUnit38ClassRunner.java:83)
	at org.apache.maven.surefire.junit4.JUnit4Provider.execute(JUnit4Provider.java:316)
	at org.apache.maven.surefire.junit4.JUnit4Provider.executeWithRerun(JUnit4Provider.java:240)
	at org.apache.maven.surefire.junit4.JUnit4Provider.executeTestSet(JUnit4Provider.java:214)
	at org.apache.maven.surefire.junit4.JUnit4Provider.invoke(JUnit4Provider.java:155)
	at org.apache.maven.surefire.booter.ForkedBooter.runSuitesInProcess(ForkedBooter.java:385)
	at org.apache.maven.surefire.booter.ForkedBooter.execute(ForkedBooter.java:162)
	at org.apache.maven.surefire.booter.ForkedBooter.run(ForkedBooter.java:507)
	at org.apache.maven.surefire.booter.ForkedBooter.main(ForkedBooter.java:495)

]]></system-err>
  </testcase>
  <testcase name="testLoginSameMailPwBibliothekarUserAllowedLoginChooseGTC" classname="test.dbs.actions.user.TestLoginAction" time="0.047">
    <error type="java.lang.NullPointerException"><![CDATA[java.lang.NullPointerException
	at test.dbs.actions.user.TestLoginAction.testLoginSameMailPwBibliothekarUserAllowedLoginChooseGTC(TestLoginAction.java:359)
	at sun.reflect.NativeMethodAccessorImpl.invoke0(Native Method)
	at sun.reflect.NativeMethodAccessorImpl.invoke(NativeMethodAccessorImpl.java:62)
	at sun.reflect.DelegatingMethodAccessorImpl.invoke(DelegatingMethodAccessorImpl.java:43)
	at java.lang.reflect.Method.invoke(Method.java:498)
	at junit.framework.TestCase.runTest(TestCase.java:168)
	at junit.framework.TestCase.runBare(TestCase.java:134)
	at junit.framework.TestResult$1.protect(TestResult.java:110)
	at junit.framework.TestResult.runProtected(TestResult.java:128)
	at junit.framework.TestResult.run(TestResult.java:113)
	at junit.framework.TestCase.run(TestCase.java:124)
	at junit.framework.TestSuite.runTest(TestSuite.java:243)
	at junit.framework.TestSuite.run(TestSuite.java:238)
	at org.junit.internal.runners.JUnit38ClassRunner.run(JUnit38ClassRunner.java:83)
	at org.apache.maven.surefire.junit4.JUnit4Provider.execute(JUnit4Provider.java:316)
	at org.apache.maven.surefire.junit4.JUnit4Provider.executeWithRerun(JUnit4Provider.java:240)
	at org.apache.maven.surefire.junit4.JUnit4Provider.executeTestSet(JUnit4Provider.java:214)
	at org.apache.maven.surefire.junit4.JUnit4Provider.invoke(JUnit4Provider.java:155)
	at org.apache.maven.surefire.booter.ForkedBooter.runSuitesInProcess(ForkedBooter.java:385)
	at org.apache.maven.surefire.booter.ForkedBooter.execute(ForkedBooter.java:162)
	at org.apache.maven.surefire.booter.ForkedBooter.run(ForkedBooter.java:507)
	at org.apache.maven.surefire.booter.ForkedBooter.main(ForkedBooter.java:495)
]]></error>
    <system-out><![CDATA[13:42:58.839 [main] INFO  ch.dbs.actions.user.LoginAction - Wrong Login-Credentials!: testitestmail@eldali.ch
]]></system-out>
    <system-err><![CDATA[janv. 26, 2026 1:42:58 PM org.apache.struts.action.ActionServlet initChain
INFOS: Loading chain catalog from jar:file:/C:/ProgramData/app_data/.m2/repository/org/apache/struts/struts-core/1.3.10/struts-core-1.3.10.jar!/org/apache/struts/chain/chain-config.xml
janv. 26, 2026 1:42:58 PM org.apache.struts.config.impl.ModuleConfigImpl addActionConfig
AVERTISSEMENT: Overriding ActionConfig of path /uebersicht
janv. 26, 2026 1:42:58 PM org.apache.struts.config.impl.ModuleConfigImpl addActionConfig
AVERTISSEMENT: Overriding ActionConfig of path /anmeldungkonto
janv. 26, 2026 1:42:58 PM org.apache.struts.config.impl.ModuleConfigImpl addActionConfig
AVERTISSEMENT: Overriding ActionConfig of path /journalsave
janv. 26, 2026 1:42:58 PM org.apache.struts.config.impl.ModuleConfigImpl addActionConfig
AVERTISSEMENT: Overriding ActionConfig of path /journalsave
janv. 26, 2026 1:42:58 PM org.apache.struts.config.impl.ModuleConfigImpl addActionConfig
AVERTISSEMENT: Overriding ActionConfig of path /ordersuccess
janv. 26, 2026 1:42:58 PM org.apache.struts.validator.ValidatorPlugIn initResources
INFOS: Loading validation rules file from '/WEB-INF/validator-rules.xml'
janv. 26, 2026 1:42:58 PM org.apache.struts.validator.ValidatorPlugIn initResources
INFOS: Loading validation rules file from '/WEB-INF/validation.xml'
janv. 26, 2026 1:42:58 PM org.apache.struts.tiles.TilesPlugin initDefinitionsFactory
INFOS: Tiles definition factory loaded for module ''.
janv. 26, 2026 1:42:58 PM org.apache.struts.chain.ComposableRequestProcessor init
INFOS: Initializing composable request processor for module prefix ''
janv. 26, 2026 1:42:58 PM org.apache.struts.chain.commands.servlet.CreateAction createAction
INFOS: Initialize action of type: ch.dbs.actions.user.LoginAction
]]></system-err>
  </testcase>
  <testcase name="testLoginSameMailPwBibliothekarUserAllowedLoginChoose" classname="test.dbs.actions.user.TestLoginAction" time="0.043">
    <error type="java.lang.NullPointerException"><![CDATA[java.lang.NullPointerException
	at test.dbs.actions.user.TestLoginAction.testLoginSameMailPwBibliothekarUserAllowedLoginChoose(TestLoginAction.java:303)
	at sun.reflect.NativeMethodAccessorImpl.invoke0(Native Method)
	at sun.reflect.NativeMethodAccessorImpl.invoke(NativeMethodAccessorImpl.java:62)
	at sun.reflect.DelegatingMethodAccessorImpl.invoke(DelegatingMethodAccessorImpl.java:43)
	at java.lang.reflect.Method.invoke(Method.java:498)
	at junit.framework.TestCase.runTest(TestCase.java:168)
	at junit.framework.TestCase.runBare(TestCase.java:134)
	at junit.framework.TestResult$1.protect(TestResult.java:110)
	at junit.framework.TestResult.runProtected(TestResult.java:128)
	at junit.framework.TestResult.run(TestResult.java:113)
	at junit.framework.TestCase.run(TestCase.java:124)
	at junit.framework.TestSuite.runTest(TestSuite.java:243)
	at junit.framework.TestSuite.run(TestSuite.java:238)
	at org.junit.internal.runners.JUnit38ClassRunner.run(JUnit38ClassRunner.java:83)
	at org.apache.maven.surefire.junit4.JUnit4Provider.execute(JUnit4Provider.java:316)
	at org.apache.maven.surefire.junit4.JUnit4Provider.executeWithRerun(JUnit4Provider.java:240)
	at org.apache.maven.surefire.junit4.JUnit4Provider.executeTestSet(JUnit4Provider.java:214)
	at org.apache.maven.surefire.junit4.JUnit4Provider.invoke(JUnit4Provider.java:155)
	at org.apache.maven.surefire.booter.ForkedBooter.runSuitesInProcess(ForkedBooter.java:385)
	at org.apache.maven.surefire.booter.ForkedBooter.execute(ForkedBooter.java:162)
	at org.apache.maven.surefire.booter.ForkedBooter.run(ForkedBooter.java:507)
	at org.apache.maven.surefire.booter.ForkedBooter.main(ForkedBooter.java:495)
]]></error>
    <system-out><![CDATA[13:42:58.881 [main] INFO  ch.dbs.actions.user.LoginAction - Wrong Login-Credentials!: testitestmail@eldali.ch
]]></system-out>
    <system-err><![CDATA[janv. 26, 2026 1:42:58 PM org.apache.struts.action.ActionServlet initChain
INFOS: Loading chain catalog from jar:file:/C:/ProgramData/app_data/.m2/repository/org/apache/struts/struts-core/1.3.10/struts-core-1.3.10.jar!/org/apache/struts/chain/chain-config.xml
janv. 26, 2026 1:42:58 PM org.apache.struts.config.impl.ModuleConfigImpl addActionConfig
AVERTISSEMENT: Overriding ActionConfig of path /uebersicht
janv. 26, 2026 1:42:58 PM org.apache.struts.config.impl.ModuleConfigImpl addActionConfig
AVERTISSEMENT: Overriding ActionConfig of path /anmeldungkonto
janv. 26, 2026 1:42:58 PM org.apache.struts.config.impl.ModuleConfigImpl addActionConfig
AVERTISSEMENT: Overriding ActionConfig of path /journalsave
janv. 26, 2026 1:42:58 PM org.apache.struts.config.impl.ModuleConfigImpl addActionConfig
AVERTISSEMENT: Overriding ActionConfig of path /journalsave
janv. 26, 2026 1:42:58 PM org.apache.struts.config.impl.ModuleConfigImpl addActionConfig
AVERTISSEMENT: Overriding ActionConfig of path /ordersuccess
janv. 26, 2026 1:42:58 PM org.apache.struts.validator.ValidatorPlugIn initResources
INFOS: Loading validation rules file from '/WEB-INF/validator-rules.xml'
janv. 26, 2026 1:42:58 PM org.apache.struts.validator.ValidatorPlugIn initResources
INFOS: Loading validation rules file from '/WEB-INF/validation.xml'
janv. 26, 2026 1:42:58 PM org.apache.struts.tiles.TilesPlugin initDefinitionsFactory
INFOS: Tiles definition factory loaded for module ''.
janv. 26, 2026 1:42:58 PM org.apache.struts.chain.ComposableRequestProcessor init
INFOS: Initializing composable request processor for module prefix ''
janv. 26, 2026 1:42:58 PM org.apache.struts.chain.commands.servlet.CreateAction createAction
INFOS: Initialize action of type: ch.dbs.actions.user.LoginAction
]]></system-err>
  </testcase>
  <testcase name="testLoginSameMailPwBibliothekarUserNotAllowedLogin" classname="test.dbs.actions.user.TestLoginAction" time="0.0">
    <error type="java.lang.NullPointerException"><![CDATA[java.lang.NullPointerException
	at test.dbs.actions.user.TestLoginAction.testLoginSameMailPwBibliothekarUserNotAllowedLogin(TestLoginAction.java:207)
	at sun.reflect.NativeMethodAccessorImpl.invoke0(Native Method)
	at sun.reflect.NativeMethodAccessorImpl.invoke(NativeMethodAccessorImpl.java:62)
	at sun.reflect.DelegatingMethodAccessorImpl.invoke(DelegatingMethodAccessorImpl.java:43)
	at java.lang.reflect.Method.invoke(Method.java:498)
	at junit.framework.TestCase.runTest(TestCase.java:168)
	at junit.framework.TestCase.runBare(TestCase.java:134)
	at junit.framework.TestResult$1.protect(TestResult.java:110)
	at junit.framework.TestResult.runProtected(TestResult.java:128)
	at junit.framework.TestResult.run(TestResult.java:113)
	at junit.framework.TestCase.run(TestCase.java:124)
	at junit.framework.TestSuite.runTest(TestSuite.java:243)
	at junit.framework.TestSuite.run(TestSuite.java:238)
	at org.junit.internal.runners.JUnit38ClassRunner.run(JUnit38ClassRunner.java:83)
	at org.apache.maven.surefire.junit4.JUnit4Provider.execute(JUnit4Provider.java:316)
	at org.apache.maven.surefire.junit4.JUnit4Provider.executeWithRerun(JUnit4Provider.java:240)
	at org.apache.maven.surefire.junit4.JUnit4Provider.executeTestSet(JUnit4Provider.java:214)
	at org.apache.maven.surefire.junit4.JUnit4Provider.invoke(JUnit4Provider.java:155)
	at org.apache.maven.surefire.booter.ForkedBooter.runSuitesInProcess(ForkedBooter.java:385)
	at org.apache.maven.surefire.booter.ForkedBooter.execute(ForkedBooter.java:162)
	at org.apache.maven.surefire.booter.ForkedBooter.run(ForkedBooter.java:507)
	at org.apache.maven.surefire.booter.ForkedBooter.main(ForkedBooter.java:495)
]]></error>
  </testcase>
  <testcase name="testLoginSameMailPwBibliothekarUserAllowedLoginChooseUserAndChoosenKontoLinkresolver" classname="test.dbs.actions.user.TestLoginAction" time="0.043">
    <error type="java.lang.NullPointerException"><![CDATA[java.lang.NullPointerException
	at test.dbs.actions.user.TestLoginAction.testLoginSameMailPwBibliothekarUserAllowedLoginChooseUserAndChoosenKontoLinkresolver(TestLoginAction.java:469)
	at sun.reflect.NativeMethodAccessorImpl.invoke0(Native Method)
	at sun.reflect.NativeMethodAccessorImpl.invoke(NativeMethodAccessorImpl.java:62)
	at sun.reflect.DelegatingMethodAccessorImpl.invoke(DelegatingMethodAccessorImpl.java:43)
	at java.lang.reflect.Method.invoke(Method.java:498)
	at junit.framework.TestCase.runTest(TestCase.java:168)
	at junit.framework.TestCase.runBare(TestCase.java:134)
	at junit.framework.TestResult$1.protect(TestResult.java:110)
	at junit.framework.TestResult.runProtected(TestResult.java:128)
	at junit.framework.TestResult.run(TestResult.java:113)
	at junit.framework.TestCase.run(TestCase.java:124)
	at junit.framework.TestSuite.runTest(TestSuite.java:243)
	at junit.framework.TestSuite.run(TestSuite.java:238)
	at org.junit.internal.runners.JUnit38ClassRunner.run(JUnit38ClassRunner.java:83)
	at org.apache.maven.surefire.junit4.JUnit4Provider.execute(JUnit4Provider.java:316)
	at org.apache.maven.surefire.junit4.JUnit4Provider.executeWithRerun(JUnit4Provider.java:240)
	at org.apache.maven.surefire.junit4.JUnit4Provider.executeTestSet(JUnit4Provider.java:214)
	at org.apache.maven.surefire.junit4.JUnit4Provider.invoke(JUnit4Provider.java:155)
	at org.apache.maven.surefire.booter.ForkedBooter.runSuitesInProcess(ForkedBooter.java:385)
	at org.apache.maven.surefire.booter.ForkedBooter.execute(ForkedBooter.java:162)
	at org.apache.maven.surefire.booter.ForkedBooter.run(ForkedBooter.java:507)
	at org.apache.maven.surefire.booter.ForkedBooter.main(ForkedBooter.java:495)
]]></error>
    <system-out><![CDATA[13:42:58.928 [main] INFO  ch.dbs.actions.user.LoginAction - Wrong Login-Credentials!: testitestmail@eldali.ch
]]></system-out>
    <system-err><![CDATA[janv. 26, 2026 1:42:58 PM org.apache.struts.action.ActionServlet initChain
INFOS: Loading chain catalog from jar:file:/C:/ProgramData/app_data/.m2/repository/org/apache/struts/struts-core/1.3.10/struts-core-1.3.10.jar!/org/apache/struts/chain/chain-config.xml
janv. 26, 2026 1:42:58 PM org.apache.struts.config.impl.ModuleConfigImpl addActionConfig
AVERTISSEMENT: Overriding ActionConfig of path /uebersicht
janv. 26, 2026 1:42:58 PM org.apache.struts.config.impl.ModuleConfigImpl addActionConfig
AVERTISSEMENT: Overriding ActionConfig of path /anmeldungkonto
janv. 26, 2026 1:42:58 PM org.apache.struts.config.impl.ModuleConfigImpl addActionConfig
AVERTISSEMENT: Overriding ActionConfig of path /journalsave
janv. 26, 2026 1:42:58 PM org.apache.struts.config.impl.ModuleConfigImpl addActionConfig
AVERTISSEMENT: Overriding ActionConfig of path /journalsave
janv. 26, 2026 1:42:58 PM org.apache.struts.config.impl.ModuleConfigImpl addActionConfig
AVERTISSEMENT: Overriding ActionConfig of path /ordersuccess
janv. 26, 2026 1:42:58 PM org.apache.struts.validator.ValidatorPlugIn initResources
INFOS: Loading validation rules file from '/WEB-INF/validator-rules.xml'
janv. 26, 2026 1:42:58 PM org.apache.struts.validator.ValidatorPlugIn initResources
INFOS: Loading validation rules file from '/WEB-INF/validation.xml'
janv. 26, 2026 1:42:58 PM org.apache.struts.tiles.TilesPlugin initDefinitionsFactory
INFOS: Tiles definition factory loaded for module ''.
janv. 26, 2026 1:42:58 PM org.apache.struts.chain.ComposableRequestProcessor init
INFOS: Initializing composable request processor for module prefix ''
janv. 26, 2026 1:42:58 PM org.apache.struts.chain.commands.servlet.CreateAction createAction
INFOS: Initialize action of type: ch.dbs.actions.user.PrepareLoginAction
janv. 26, 2026 1:42:58 PM org.apache.struts.chain.commands.servlet.CreateAction createAction
INFOS: Initialize action of type: ch.dbs.actions.user.LoginAction
]]></system-err>
  </testcase>
  <testcase name="testLoginSameMailPwBibliothekarUserAllowedLoginChooseUserAndChooseKontoLinkresolver" classname="test.dbs.actions.user.TestLoginAction" time="0.0">
    <error type="java.lang.NullPointerException"><![CDATA[java.lang.NullPointerException
	at test.dbs.actions.user.TestLoginAction.testLoginSameMailPwBibliothekarUserAllowedLoginChooseUserAndChooseKontoLinkresolver(TestLoginAction.java:410)
	at sun.reflect.NativeMethodAccessorImpl.invoke0(Native Method)
	at sun.reflect.NativeMethodAccessorImpl.invoke(NativeMethodAccessorImpl.java:62)
	at sun.reflect.DelegatingMethodAccessorImpl.invoke(DelegatingMethodAccessorImpl.java:43)
	at java.lang.reflect.Method.invoke(Method.java:498)
	at junit.framework.TestCase.runTest(TestCase.java:168)
	at junit.framework.TestCase.runBare(TestCase.java:134)
	at junit.framework.TestResult$1.protect(TestResult.java:110)
	at junit.framework.TestResult.runProtected(TestResult.java:128)
	at junit.framework.TestResult.run(TestResult.java:113)
	at junit.framework.TestCase.run(TestCase.java:124)
	at junit.framework.TestSuite.runTest(TestSuite.java:243)
	at junit.framework.TestSuite.run(TestSuite.java:238)
	at org.junit.internal.runners.JUnit38ClassRunner.run(JUnit38ClassRunner.java:83)
	at org.apache.maven.surefire.junit4.JUnit4Provider.execute(JUnit4Provider.java:316)
	at org.apache.maven.surefire.junit4.JUnit4Provider.executeWithRerun(JUnit4Provider.java:240)
	at org.apache.maven.surefire.junit4.JUnit4Provider.executeTestSet(JUnit4Provider.java:214)
	at org.apache.maven.surefire.junit4.JUnit4Provider.invoke(JUnit4Provider.java:155)
	at org.apache.maven.surefire.booter.ForkedBooter.runSuitesInProcess(ForkedBooter.java:385)
	at org.apache.maven.surefire.booter.ForkedBooter.execute(ForkedBooter.java:162)
	at org.apache.maven.surefire.booter.ForkedBooter.run(ForkedBooter.java:507)
	at org.apache.maven.surefire.booter.ForkedBooter.main(ForkedBooter.java:495)
]]></error>
  </testcase>
  <testcase name="testLoginSameMailPwBibliothekarUserAllowedLogin" classname="test.dbs.actions.user.TestLoginAction" time="0.0">
    <error type="java.lang.NullPointerException"><![CDATA[java.lang.NullPointerException
	at test.dbs.actions.user.TestLoginAction.testLoginSameMailPwBibliothekarUserAllowedLogin(TestLoginAction.java:269)
	at sun.reflect.NativeMethodAccessorImpl.invoke0(Native Method)
	at sun.reflect.NativeMethodAccessorImpl.invoke(NativeMethodAccessorImpl.java:62)
	at sun.reflect.DelegatingMethodAccessorImpl.invoke(DelegatingMethodAccessorImpl.java:43)
	at java.lang.reflect.Method.invoke(Method.java:498)
	at junit.framework.TestCase.runTest(TestCase.java:168)
	at junit.framework.TestCase.runBare(TestCase.java:134)
	at junit.framework.TestResult$1.protect(TestResult.java:110)
	at junit.framework.TestResult.runProtected(TestResult.java:128)
	at junit.framework.TestResult.run(TestResult.java:113)
	at junit.framework.TestCase.run(TestCase.java:124)
	at junit.framework.TestSuite.runTest(TestSuite.java:243)
	at junit.framework.TestSuite.run(TestSuite.java:238)
	at org.junit.internal.runners.JUnit38ClassRunner.run(JUnit38ClassRunner.java:83)
	at org.apache.maven.surefire.junit4.JUnit4Provider.execute(JUnit4Provider.java:316)
	at org.apache.maven.surefire.junit4.JUnit4Provider.executeWithRerun(JUnit4Provider.java:240)
	at org.apache.maven.surefire.junit4.JUnit4Provider.executeTestSet(JUnit4Provider.java:214)
	at org.apache.maven.surefire.junit4.JUnit4Provider.invoke(JUnit4Provider.java:155)
	at org.apache.maven.surefire.booter.ForkedBooter.runSuitesInProcess(ForkedBooter.java:385)
	at org.apache.maven.surefire.booter.ForkedBooter.execute(ForkedBooter.java:162)
	at org.apache.maven.surefire.booter.ForkedBooter.run(ForkedBooter.java:507)
	at org.apache.maven.surefire.booter.ForkedBooter.main(ForkedBooter.java:495)
]]></error>
  </testcase>
  <testcase name="testClearTestObjectsTearDown" classname="test.dbs.actions.user.TestLoginAction" time="0.007">
    <error type="java.lang.NullPointerException"><![CDATA[java.lang.NullPointerException
	at test.dbs.actions.user.TestLoginAction.testClearTestObjectsTearDown(TestLoginAction.java:515)
	at sun.reflect.NativeMethodAccessorImpl.invoke0(Native Method)
	at sun.reflect.NativeMethodAccessorImpl.invoke(NativeMethodAccessorImpl.java:62)
	at sun.reflect.DelegatingMethodAccessorImpl.invoke(DelegatingMethodAccessorImpl.java:43)
	at java.lang.reflect.Method.invoke(Method.java:498)
	at junit.framework.TestCase.runTest(TestCase.java:168)
	at junit.framework.TestCase.runBare(TestCase.java:134)
	at junit.framework.TestResult$1.protect(TestResult.java:110)
	at junit.framework.TestResult.runProtected(TestResult.java:128)
	at junit.framework.TestResult.run(TestResult.java:113)
	at junit.framework.TestCase.run(TestCase.java:124)
	at junit.framework.TestSuite.runTest(TestSuite.java:243)
	at junit.framework.TestSuite.run(TestSuite.java:238)
	at org.junit.internal.runners.JUnit38ClassRunner.run(JUnit38ClassRunner.java:83)
	at org.apache.maven.surefire.junit4.JUnit4Provider.execute(JUnit4Provider.java:316)
	at org.apache.maven.surefire.junit4.JUnit4Provider.executeWithRerun(JUnit4Provider.java:240)
	at org.apache.maven.surefire.junit4.JUnit4Provider.executeTestSet(JUnit4Provider.java:214)
	at org.apache.maven.surefire.junit4.JUnit4Provider.invoke(JUnit4Provider.java:155)
	at org.apache.maven.surefire.booter.ForkedBooter.runSuitesInProcess(ForkedBooter.java:385)
	at org.apache.maven.surefire.booter.ForkedBooter.execute(ForkedBooter.java:162)
	at org.apache.maven.surefire.booter.ForkedBooter.run(ForkedBooter.java:507)
	at org.apache.maven.surefire.booter.ForkedBooter.main(ForkedBooter.java:495)
]]></error>
  </testcase>
  <testcase name="testLoginDeclineGtc" classname="test.dbs.actions.user.TestLoginAction" time="0.072">
    <failure message="was expecting &apos;/logout.do&apos; but received &apos;/globalerrortimeout.do&apos;" type="junit.framework.AssertionFailedError"><![CDATA[junit.framework.AssertionFailedError: was expecting '/logout.do' but received '/globalerrortimeout.do'
	at servletunit.struts.Common.verifyForwardPath(Common.java:339)
	at servletunit.struts.MockStrutsTestCase.verifyForward(MockStrutsTestCase.java:571)
	at test.dbs.actions.user.TestLoginAction.testLoginDeclineGtc(TestLoginAction.java:154)
	at sun.reflect.NativeMethodAccessorImpl.invoke0(Native Method)
	at sun.reflect.NativeMethodAccessorImpl.invoke(NativeMethodAccessorImpl.java:62)
	at sun.reflect.DelegatingMethodAccessorImpl.invoke(DelegatingMethodAccessorImpl.java:43)
	at java.lang.reflect.Method.invoke(Method.java:498)
	at junit.framework.TestCase.runTest(TestCase.java:168)
	at junit.framework.TestCase.runBare(TestCase.java:134)
	at junit.framework.TestResult$1.protect(TestResult.java:110)
	at junit.framework.TestResult.runProtected(TestResult.java:128)
	at junit.framework.TestResult.run(TestResult.java:113)
	at junit.framework.TestCase.run(TestCase.java:124)
	at junit.framework.TestSuite.runTest(TestSuite.java:243)
	at junit.framework.TestSuite.run(TestSuite.java:238)
	at org.junit.internal.runners.JUnit38ClassRunner.run(JUnit38ClassRunner.java:83)
	at org.apache.maven.surefire.junit4.JUnit4Provider.execute(JUnit4Provider.java:316)
	at org.apache.maven.surefire.junit4.JUnit4Provider.executeWithRerun(JUnit4Provider.java:240)
	at org.apache.maven.surefire.junit4.JUnit4Provider.executeTestSet(JUnit4Provider.java:214)
	at org.apache.maven.surefire.junit4.JUnit4Provider.invoke(JUnit4Provider.java:155)
	at org.apache.maven.surefire.booter.ForkedBooter.runSuitesInProcess(ForkedBooter.java:385)
	at org.apache.maven.surefire.booter.ForkedBooter.execute(ForkedBooter.java:162)
	at org.apache.maven.surefire.booter.ForkedBooter.run(ForkedBooter.java:507)
	at org.apache.maven.surefire.booter.ForkedBooter.main(ForkedBooter.java:495)
]]></failure>
    <system-out><![CDATA[13:42:58.975 [main] INFO  ch.dbs.actions.user.LoginAction - Wrong Login-Credentials!: testitestmail@eldali.ch
]]></system-out>
    <system-err><![CDATA[janv. 26, 2026 1:42:58 PM org.apache.struts.action.ActionServlet initChain
INFOS: Loading chain catalog from jar:file:/C:/ProgramData/app_data/.m2/repository/org/apache/struts/struts-core/1.3.10/struts-core-1.3.10.jar!/org/apache/struts/chain/chain-config.xml
janv. 26, 2026 1:42:58 PM org.apache.struts.config.impl.ModuleConfigImpl addActionConfig
AVERTISSEMENT: Overriding ActionConfig of path /uebersicht
janv. 26, 2026 1:42:58 PM org.apache.struts.config.impl.ModuleConfigImpl addActionConfig
AVERTISSEMENT: Overriding ActionConfig of path /anmeldungkonto
janv. 26, 2026 1:42:58 PM org.apache.struts.config.impl.ModuleConfigImpl addActionConfig
AVERTISSEMENT: Overriding ActionConfig of path /journalsave
janv. 26, 2026 1:42:58 PM org.apache.struts.config.impl.ModuleConfigImpl addActionConfig
AVERTISSEMENT: Overriding ActionConfig of path /journalsave
janv. 26, 2026 1:42:58 PM org.apache.struts.config.impl.ModuleConfigImpl addActionConfig
AVERTISSEMENT: Overriding ActionConfig of path /ordersuccess
janv. 26, 2026 1:42:58 PM org.apache.struts.validator.ValidatorPlugIn initResources
INFOS: Loading validation rules file from '/WEB-INF/validator-rules.xml'
janv. 26, 2026 1:42:58 PM org.apache.struts.validator.ValidatorPlugIn initResources
INFOS: Loading validation rules file from '/WEB-INF/validation.xml'
janv. 26, 2026 1:42:58 PM org.apache.struts.tiles.TilesPlugin initDefinitionsFactory
INFOS: Tiles definition factory loaded for module ''.
janv. 26, 2026 1:42:58 PM org.apache.struts.chain.ComposableRequestProcessor init
INFOS: Initializing composable request processor for module prefix ''
janv. 26, 2026 1:42:58 PM org.apache.struts.chain.commands.servlet.CreateAction createAction
INFOS: Initialize action of type: ch.dbs.actions.user.LoginAction
janv. 26, 2026 1:42:59 PM org.apache.struts.chain.commands.servlet.CreateAction createAction
INFOS: Initialize action of type: ch.dbs.actions.user.GtcAction
]]></system-err>
  </testcase>
  <testcase name="testLoginWrongLogin" classname="test.dbs.actions.user.TestLoginAction" time="0.05">
    <system-out><![CDATA[13:42:59.055 [main] INFO  ch.dbs.actions.user.LoginAction - Wrong Login-Credentials!: 1testitestmail@eldali.ch
]]></system-out>
    <system-err><![CDATA[janv. 26, 2026 1:42:59 PM org.apache.struts.action.ActionServlet initChain
INFOS: Loading chain catalog from jar:file:/C:/ProgramData/app_data/.m2/repository/org/apache/struts/struts-core/1.3.10/struts-core-1.3.10.jar!/org/apache/struts/chain/chain-config.xml
janv. 26, 2026 1:42:59 PM org.apache.struts.config.impl.ModuleConfigImpl addActionConfig
AVERTISSEMENT: Overriding ActionConfig of path /uebersicht
janv. 26, 2026 1:42:59 PM org.apache.struts.config.impl.ModuleConfigImpl addActionConfig
AVERTISSEMENT: Overriding ActionConfig of path /anmeldungkonto
janv. 26, 2026 1:42:59 PM org.apache.struts.config.impl.ModuleConfigImpl addActionConfig
AVERTISSEMENT: Overriding ActionConfig of path /journalsave
janv. 26, 2026 1:42:59 PM org.apache.struts.config.impl.ModuleConfigImpl addActionConfig
AVERTISSEMENT: Overriding ActionConfig of path /journalsave
janv. 26, 2026 1:42:59 PM org.apache.struts.config.impl.ModuleConfigImpl addActionConfig
AVERTISSEMENT: Overriding ActionConfig of path /ordersuccess
janv. 26, 2026 1:42:59 PM org.apache.struts.validator.ValidatorPlugIn initResources
INFOS: Loading validation rules file from '/WEB-INF/validator-rules.xml'
janv. 26, 2026 1:42:59 PM org.apache.struts.validator.ValidatorPlugIn initResources
INFOS: Loading validation rules file from '/WEB-INF/validation.xml'
janv. 26, 2026 1:42:59 PM org.apache.struts.tiles.TilesPlugin initDefinitionsFactory
INFOS: Tiles definition factory loaded for module ''.
janv. 26, 2026 1:42:59 PM org.apache.struts.chain.ComposableRequestProcessor init
INFOS: Initializing composable request processor for module prefix ''
janv. 26, 2026 1:42:59 PM org.apache.struts.chain.commands.servlet.CreateAction createAction
INFOS: Initialize action of type: ch.dbs.actions.user.LoginAction
]]></system-err>
  </testcase>
  <testcase name="testLoginGoGtc" classname="test.dbs.actions.user.TestLoginAction" time="0.055">
    <failure message="was expecting &apos;/gtc.do&apos; but received &apos;/error.do&apos;" type="junit.framework.AssertionFailedError"><![CDATA[junit.framework.AssertionFailedError: was expecting '/gtc.do' but received '/error.do'
	at servletunit.struts.Common.verifyForwardPath(Common.java:339)
	at servletunit.struts.MockStrutsTestCase.verifyForward(MockStrutsTestCase.java:571)
	at test.dbs.actions.user.TestLoginAction.testLoginGoGtc(TestLoginAction.java:129)
	at sun.reflect.NativeMethodAccessorImpl.invoke0(Native Method)
	at sun.reflect.NativeMethodAccessorImpl.invoke(NativeMethodAccessorImpl.java:62)
	at sun.reflect.DelegatingMethodAccessorImpl.invoke(DelegatingMethodAccessorImpl.java:43)
	at java.lang.reflect.Method.invoke(Method.java:498)
	at junit.framework.TestCase.runTest(TestCase.java:168)
	at junit.framework.TestCase.runBare(TestCase.java:134)
	at junit.framework.TestResult$1.protect(TestResult.java:110)
	at junit.framework.TestResult.runProtected(TestResult.java:128)
	at junit.framework.TestResult.run(TestResult.java:113)
	at junit.framework.TestCase.run(TestCase.java:124)
	at junit.framework.TestSuite.runTest(TestSuite.java:243)
	at junit.framework.TestSuite.run(TestSuite.java:238)
	at org.junit.internal.runners.JUnit38ClassRunner.run(JUnit38ClassRunner.java:83)
	at org.apache.maven.surefire.junit4.JUnit4Provider.execute(JUnit4Provider.java:316)
	at org.apache.maven.surefire.junit4.JUnit4Provider.executeWithRerun(JUnit4Provider.java:240)
	at org.apache.maven.surefire.junit4.JUnit4Provider.executeTestSet(JUnit4Provider.java:214)
	at org.apache.maven.surefire.junit4.JUnit4Provider.invoke(JUnit4Provider.java:155)
	at org.apache.maven.surefire.booter.ForkedBooter.runSuitesInProcess(ForkedBooter.java:385)
	at org.apache.maven.surefire.booter.ForkedBooter.execute(ForkedBooter.java:162)
	at org.apache.maven.surefire.booter.ForkedBooter.run(ForkedBooter.java:507)
	at org.apache.maven.surefire.booter.ForkedBooter.main(ForkedBooter.java:495)
]]></failure>
    <system-out><![CDATA[13:42:59.062 [main] ERROR ch.dbs.entity.Konto - save(Connection cn): java.sql.SQLException: Incorrect integer value: '' for column 'billing' at row 1
13:42:59.071 [main] ERROR ch.dbs.entity.AbstractBenutzer - saveNewUser(): com.mysql.jdbc.MysqlDataTruncation: Data truncation: Incorrect datetime value: '0000-00-00 00:00:00' for column 'gtcdate' at row 1
13:42:59.110 [main] INFO  ch.dbs.actions.user.LoginAction - Wrong Login-Credentials!: testitestmail@eldali.ch
]]></system-out>
    <system-err><![CDATA[janv. 26, 2026 1:42:59 PM org.apache.struts.action.ActionServlet initChain
INFOS: Loading chain catalog from jar:file:/C:/ProgramData/app_data/.m2/repository/org/apache/struts/struts-core/1.3.10/struts-core-1.3.10.jar!/org/apache/struts/chain/chain-config.xml
janv. 26, 2026 1:42:59 PM org.apache.struts.config.impl.ModuleConfigImpl addActionConfig
AVERTISSEMENT: Overriding ActionConfig of path /uebersicht
janv. 26, 2026 1:42:59 PM org.apache.struts.config.impl.ModuleConfigImpl addActionConfig
AVERTISSEMENT: Overriding ActionConfig of path /anmeldungkonto
janv. 26, 2026 1:42:59 PM org.apache.struts.config.impl.ModuleConfigImpl addActionConfig
AVERTISSEMENT: Overriding ActionConfig of path /journalsave
janv. 26, 2026 1:42:59 PM org.apache.struts.config.impl.ModuleConfigImpl addActionConfig
AVERTISSEMENT: Overriding ActionConfig of path /journalsave
janv. 26, 2026 1:42:59 PM org.apache.struts.config.impl.ModuleConfigImpl addActionConfig
AVERTISSEMENT: Overriding ActionConfig of path /ordersuccess
janv. 26, 2026 1:42:59 PM org.apache.struts.validator.ValidatorPlugIn initResources
INFOS: Loading validation rules file from '/WEB-INF/validator-rules.xml'
janv. 26, 2026 1:42:59 PM org.apache.struts.validator.ValidatorPlugIn initResources
INFOS: Loading validation rules file from '/WEB-INF/validation.xml'
janv. 26, 2026 1:42:59 PM org.apache.struts.tiles.TilesPlugin initDefinitionsFactory
INFOS: Tiles definition factory loaded for module ''.
janv. 26, 2026 1:42:59 PM org.apache.struts.chain.ComposableRequestProcessor init
INFOS: Initializing composable request processor for module prefix ''
janv. 26, 2026 1:42:59 PM org.apache.struts.chain.commands.servlet.CreateAction createAction
INFOS: Initialize action of type: ch.dbs.actions.user.LoginAction
]]></system-err>
  </testcase>
  <testcase name="testAccepptGtc" classname="test.dbs.actions.user.TestLoginAction" time="0.043">
    <failure message="was expecting &apos;/searchfree.do&apos; but received &apos;/globalerrortimeout.do&apos;" type="junit.framework.AssertionFailedError"><![CDATA[junit.framework.AssertionFailedError: was expecting '/searchfree.do' but received '/globalerrortimeout.do'
	at servletunit.struts.Common.verifyForwardPath(Common.java:339)
	at servletunit.struts.MockStrutsTestCase.verifyForward(MockStrutsTestCase.java:571)
	at test.dbs.actions.user.TestLoginAction.testAccepptGtc(TestLoginAction.java:179)
	at sun.reflect.NativeMethodAccessorImpl.invoke0(Native Method)
	at sun.reflect.NativeMethodAccessorImpl.invoke(NativeMethodAccessorImpl.java:62)
	at sun.reflect.DelegatingMethodAccessorImpl.invoke(DelegatingMethodAccessorImpl.java:43)
	at java.lang.reflect.Method.invoke(Method.java:498)
	at junit.framework.TestCase.runTest(TestCase.java:168)
	at junit.framework.TestCase.runBare(TestCase.java:134)
	at junit.framework.TestResult$1.protect(TestResult.java:110)
	at junit.framework.TestResult.runProtected(TestResult.java:128)
	at junit.framework.TestResult.run(TestResult.java:113)
	at junit.framework.TestCase.run(TestCase.java:124)
	at junit.framework.TestSuite.runTest(TestSuite.java:243)
	at junit.framework.TestSuite.run(TestSuite.java:238)
	at org.junit.internal.runners.JUnit38ClassRunner.run(JUnit38ClassRunner.java:83)
	at org.apache.maven.surefire.junit4.JUnit4Provider.execute(JUnit4Provider.java:316)
	at org.apache.maven.surefire.junit4.JUnit4Provider.executeWithRerun(JUnit4Provider.java:240)
	at org.apache.maven.surefire.junit4.JUnit4Provider.executeTestSet(JUnit4Provider.java:214)
	at org.apache.maven.surefire.junit4.JUnit4Provider.invoke(JUnit4Provider.java:155)
	at org.apache.maven.surefire.booter.ForkedBooter.runSuitesInProcess(ForkedBooter.java:385)
	at org.apache.maven.surefire.booter.ForkedBooter.execute(ForkedBooter.java:162)
	at org.apache.maven.surefire.booter.ForkedBooter.run(ForkedBooter.java:507)
	at org.apache.maven.surefire.booter.ForkedBooter.main(ForkedBooter.java:495)
]]></failure>
    <system-out><![CDATA[13:42:59.156 [main] INFO  ch.dbs.actions.user.LoginAction - Wrong Login-Credentials!: testitestmail@eldali.ch
]]></system-out>
    <system-err><![CDATA[janv. 26, 2026 1:42:59 PM org.apache.struts.action.ActionServlet initChain
INFOS: Loading chain catalog from jar:file:/C:/ProgramData/app_data/.m2/repository/org/apache/struts/struts-core/1.3.10/struts-core-1.3.10.jar!/org/apache/struts/chain/chain-config.xml
janv. 26, 2026 1:42:59 PM org.apache.struts.config.impl.ModuleConfigImpl addActionConfig
AVERTISSEMENT: Overriding ActionConfig of path /uebersicht
janv. 26, 2026 1:42:59 PM org.apache.struts.config.impl.ModuleConfigImpl addActionConfig
AVERTISSEMENT: Overriding ActionConfig of path /anmeldungkonto
janv. 26, 2026 1:42:59 PM org.apache.struts.config.impl.ModuleConfigImpl addActionConfig
AVERTISSEMENT: Overriding ActionConfig of path /journalsave
janv. 26, 2026 1:42:59 PM org.apache.struts.config.impl.ModuleConfigImpl addActionConfig
AVERTISSEMENT: Overriding ActionConfig of path /journalsave
janv. 26, 2026 1:42:59 PM org.apache.struts.config.impl.ModuleConfigImpl addActionConfig
AVERTISSEMENT: Overriding ActionConfig of path /ordersuccess
janv. 26, 2026 1:42:59 PM org.apache.struts.validator.ValidatorPlugIn initResources
INFOS: Loading validation rules file from '/WEB-INF/validator-rules.xml'
janv. 26, 2026 1:42:59 PM org.apache.struts.validator.ValidatorPlugIn initResources
INFOS: Loading validation rules file from '/WEB-INF/validation.xml'
janv. 26, 2026 1:42:59 PM org.apache.struts.tiles.TilesPlugin initDefinitionsFactory
INFOS: Tiles definition factory loaded for module ''.
janv. 26, 2026 1:42:59 PM org.apache.struts.chain.ComposableRequestProcessor init
INFOS: Initializing composable request processor for module prefix ''
janv. 26, 2026 1:42:59 PM org.apache.struts.chain.commands.servlet.CreateAction createAction
INFOS: Initialize action of type: ch.dbs.actions.user.LoginAction
janv. 26, 2026 1:42:59 PM org.apache.struts.chain.commands.servlet.CreateAction createAction
INFOS: Initialize action of type: ch.dbs.actions.user.GtcAction
]]></system-err>
  </testcase>
  <testcase name="testOpenUrl" classname="test.dbs.actions.user.TestLoginAction" time="0.037">
    <system-err><![CDATA[janv. 26, 2026 1:42:59 PM org.apache.struts.action.ActionServlet initChain
INFOS: Loading chain catalog from jar:file:/C:/ProgramData/app_data/.m2/repository/org/apache/struts/struts-core/1.3.10/struts-core-1.3.10.jar!/org/apache/struts/chain/chain-config.xml
janv. 26, 2026 1:42:59 PM org.apache.struts.config.impl.ModuleConfigImpl addActionConfig
AVERTISSEMENT: Overriding ActionConfig of path /uebersicht
janv. 26, 2026 1:42:59 PM org.apache.struts.config.impl.ModuleConfigImpl addActionConfig
AVERTISSEMENT: Overriding ActionConfig of path /anmeldungkonto
janv. 26, 2026 1:42:59 PM org.apache.struts.config.impl.ModuleConfigImpl addActionConfig
AVERTISSEMENT: Overriding ActionConfig of path /journalsave
janv. 26, 2026 1:42:59 PM org.apache.struts.config.impl.ModuleConfigImpl addActionConfig
AVERTISSEMENT: Overriding ActionConfig of path /journalsave
janv. 26, 2026 1:42:59 PM org.apache.struts.config.impl.ModuleConfigImpl addActionConfig
AVERTISSEMENT: Overriding ActionConfig of path /ordersuccess
janv. 26, 2026 1:42:59 PM org.apache.struts.validator.ValidatorPlugIn initResources
INFOS: Loading validation rules file from '/WEB-INF/validator-rules.xml'
janv. 26, 2026 1:42:59 PM org.apache.struts.validator.ValidatorPlugIn initResources
INFOS: Loading validation rules file from '/WEB-INF/validation.xml'
janv. 26, 2026 1:42:59 PM org.apache.struts.tiles.TilesPlugin initDefinitionsFactory
INFOS: Tiles definition factory loaded for module ''.
janv. 26, 2026 1:42:59 PM org.apache.struts.chain.ComposableRequestProcessor init
INFOS: Initializing composable request processor for module prefix ''
janv. 26, 2026 1:42:59 PM org.apache.struts.chain.commands.servlet.CreateAction createAction
INFOS: Initialize action of type: ch.dbs.actions.user.PrepareLoginAction
]]></system-err>
  </testcase>
</testsuite>