<?xml version="1.0" encoding="UTF-8"?>
<testsuite xmlns:xsi="http://www.w3.org/2001/XMLSchema-instance" xsi:noNamespaceSchemaLocation="https://maven.apache.org/surefire/maven-surefire-plugin/xsd/surefire-test-report-3.0.xsd" version="3.0" name="test.AllTests" time="0.914" tests="24" errors="0" skipped="0" failures="5">
  <properties>
[...]
</properties>
  <testcase name="testSave2BenutzerWithSameEmail" classname="test.dbs.entity.TestBenutzer" time="0.557">
    <failure message="Es befinden sich nicht genau 2 Testbenutzer in der DB! expected:&lt;2&gt; but was:&lt;7&gt;" type="java.lang.AssertionError"><![CDATA[java.lang.AssertionError: Es befinden sich nicht genau 2 Testbenutzer in der DB! expected:<2> but was:<7>
	at org.junit.Assert.fail(Assert.java:93)
	at org.junit.Assert.failNotEquals(Assert.java:647)
	at org.junit.Assert.assertEquals(Assert.java:128)
	at org.junit.Assert.assertEquals(Assert.java:472)
	at test.dbs.entity.TestBenutzer.testSave2BenutzerWithSameEmail(TestBenutzer.java:187)
	at sun.reflect.NativeMethodAccessorImpl.invoke0(Native Method)
	at sun.reflect.NativeMethodAccessorImpl.invoke(NativeMethodAccessorImpl.java:62)
	at sun.reflect.DelegatingMethodAccessorImpl.invoke(DelegatingMethodAccessorImpl.java:43)
	at java.lang.reflect.Method.invoke(Method.java:498)
	at org.junit.runners.model.FrameworkMethod$1.runReflectiveCall(FrameworkMethod.java:45)
	at org.junit.internal.runners.model.ReflectiveCallable.run(ReflectiveCallable.java:15)
	at org.junit.runners.model.FrameworkMethod.invokeExplosively(FrameworkMethod.java:42)
	at org.junit.internal.runners.statements.InvokeMethod.evaluate(InvokeMethod.java:20)
	at org.junit.internal.runners.statements.RunBefores.evaluate(RunBefores.java:28)
	at org.junit.internal.runners.statements.RunAfters.evaluate(RunAfters.java:30)
	at org.junit.runners.ParentRunner.runLeaf(ParentRunner.java:263)
	at org.junit.runners.BlockJUnit4ClassRunner.runChild(BlockJUnit4ClassRunner.java:68)
	at org.junit.runners.BlockJUnit4ClassRunner.runChild(BlockJUnit4ClassRunner.java:47)
	at org.junit.runners.ParentRunner$3.run(ParentRunner.java:231)
	at org.junit.runners.ParentRunner$1.schedule(ParentRunner.java:60)
	at org.junit.runners.ParentRunner.runChildren(ParentRunner.java:229)
	at org.junit.runners.ParentRunner.access$000(ParentRunner.java:50)
	at org.junit.runners.ParentRunner$2.evaluate(ParentRunner.java:222)
	at org.junit.internal.runners.statements.RunBefores.evaluate(RunBefores.java:28)
	at org.junit.internal.runners.statements.RunAfters.evaluate(RunAfters.java:30)
	at org.junit.runners.ParentRunner.run(ParentRunner.java:300)
	at org.junit.runners.Suite.runChild(Suite.java:128)
	at org.junit.runners.Suite.runChild(Suite.java:24)
	at org.junit.runners.ParentRunner$3.run(ParentRunner.java:231)
	at org.junit.runners.ParentRunner$1.schedule(ParentRunner.java:60)
	at org.junit.runners.ParentRunner.runChildren(ParentRunner.java:229)
	at org.junit.runners.ParentRunner.access$000(ParentRunner.java:50)
	at org.junit.runners.ParentRunner$2.evaluate(ParentRunner.java:222)
	at org.junit.runners.ParentRunner.run(ParentRunner.java:300)
	at org.apache.maven.surefire.junit4.JUnit4Provider.execute(JUnit4Provider.java:316)
	at org.apache.maven.surefire.junit4.JUnit4Provider.executeWithRerun(JUnit4Provider.java:240)
	at org.apache.maven.surefire.junit4.JUnit4Provider.executeTestSet(JUnit4Provider.java:214)
	at org.apache.maven.surefire.junit4.JUnit4Provider.invoke(JUnit4Provider.java:155)
	at org.apache.maven.surefire.booter.ForkedBooter.runSuitesInProcess(ForkedBooter.java:385)
	at org.apache.maven.surefire.booter.ForkedBooter.execute(ForkedBooter.java:162)
	at org.apache.maven.surefire.booter.ForkedBooter.run(ForkedBooter.java:507)
	at org.apache.maven.surefire.booter.ForkedBooter.main(ForkedBooter.java:495)
]]></failure>
    <system-out><![CDATA[13:42:57.443 [main] DEBUG com.zaxxer.hikari.HikariConfig - HikariCP pool HikariPool-0 configuration:
13:42:57.459 [main] DEBUG com.zaxxer.hikari.HikariConfig - allowPoolSuspension.............false
13:42:57.459 [main] DEBUG com.zaxxer.hikari.HikariConfig - autoCommit......................true
13:42:57.459 [main] DEBUG com.zaxxer.hikari.HikariConfig - catalog.........................
13:42:57.459 [main] DEBUG com.zaxxer.hikari.HikariConfig - connectionCustomizer............com.zaxxer.hikari.AbstractHikariConfig$1@1e9e725a
13:42:57.460 [main] DEBUG com.zaxxer.hikari.HikariConfig - connectionCustomizerClassName...
13:42:57.460 [main] DEBUG com.zaxxer.hikari.HikariConfig - connectionInitSql...............
13:42:57.460 [main] DEBUG com.zaxxer.hikari.HikariConfig - connectionTestQuery.............
13:42:57.460 [main] DEBUG com.zaxxer.hikari.HikariConfig - connectionTimeout...............30000
13:42:57.460 [main] DEBUG com.zaxxer.hikari.HikariConfig - dataSource......................
13:42:57.460 [main] DEBUG com.zaxxer.hikari.HikariConfig - dataSourceClassName.............
13:42:57.460 [main] DEBUG com.zaxxer.hikari.HikariConfig - dataSourceJNDI..................
13:42:57.460 [main] DEBUG com.zaxxer.hikari.HikariConfig - dataSourceProperties............{password=<masked>, prepStmtCacheSqlLimit=2048, cachePrepStmts=true, useServerPrepStmts=true, prepStmtCacheSize=250}
13:42:57.460 [main] DEBUG com.zaxxer.hikari.HikariConfig - driverClassName.................com.mysql.jdbc.Driver
13:42:57.460 [main] DEBUG com.zaxxer.hikari.HikariConfig - healthCheckProperties...........{}
13:42:57.460 [main] DEBUG com.zaxxer.hikari.HikariConfig - healthCheckRegistry.............
13:42:57.460 [main] DEBUG com.zaxxer.hikari.HikariConfig - idleTimeout.....................600000
13:42:57.460 [main] DEBUG com.zaxxer.hikari.HikariConfig - initializationFailFast..........true
13:42:57.460 [main] DEBUG com.zaxxer.hikari.HikariConfig - isolateInternalQueries..........false
13:42:57.460 [main] DEBUG com.zaxxer.hikari.HikariConfig - jdbc4ConnectionTest.............false
13:42:57.460 [main] DEBUG com.zaxxer.hikari.HikariConfig - jdbcUrl.........................jdbc:mysql://127.0.0.1/doctordoc?useUnicode=true&characterEncoding=UTF-8&zeroDateTimeBehavior=convertToNull&jdbcCompliantTruncation=false
13:42:57.460 [main] DEBUG com.zaxxer.hikari.HikariConfig - leakDetectionThreshold..........0
13:42:57.461 [main] DEBUG com.zaxxer.hikari.HikariConfig - maxLifetime.....................1800000
13:42:57.461 [main] DEBUG com.zaxxer.hikari.HikariConfig - maximumPoolSize.................10
13:42:57.461 [main] DEBUG com.zaxxer.hikari.HikariConfig - metricRegistry..................
13:42:57.461 [main] DEBUG com.zaxxer.hikari.HikariConfig - minimumIdle.....................10
13:42:57.461 [main] DEBUG com.zaxxer.hikari.HikariConfig - password........................<masked>
13:42:57.461 [main] DEBUG com.zaxxer.hikari.HikariConfig - poolName........................HikariPool-0
13:42:57.461 [main] DEBUG com.zaxxer.hikari.HikariConfig - readOnly........................false
13:42:57.461 [main] DEBUG com.zaxxer.hikari.HikariConfig - registerMbeans..................false
13:42:57.461 [main] DEBUG com.zaxxer.hikari.HikariConfig - threadFactory...................
13:42:57.461 [main] DEBUG com.zaxxer.hikari.HikariConfig - transactionIsolation............
13:42:57.461 [main] DEBUG com.zaxxer.hikari.HikariConfig - username........................root
13:42:57.461 [main] DEBUG com.zaxxer.hikari.HikariConfig - validationTimeout...............5000
13:42:57.462 [main] INFO  com.zaxxer.hikari.HikariDataSource - HikariCP pool HikariPool-0 is starting.
]]></system-out>
  </testcase>
  <testcase name="testChangeBenutzer" classname="test.dbs.entity.TestBenutzer" time="0.028"/>
  <testcase name="testDeleteBenutzer" classname="test.dbs.entity.TestBenutzer" time="0.021">
    <failure message="Noch Testbenutzer im System! Manuell löschen und Test wiederholen ob immer noch fehlschlägt" type="java.lang.AssertionError"><![CDATA[java.lang.AssertionError: Noch Testbenutzer im System! Manuell löschen und Test wiederholen ob immer noch fehlschlägt
	at org.junit.Assert.fail(Assert.java:93)
	at org.junit.Assert.assertTrue(Assert.java:43)
	at org.junit.Assert.assertNull(Assert.java:551)
	at test.dbs.entity.TestBenutzer.testDeleteBenutzer(TestBenutzer.java:170)
	at sun.reflect.NativeMethodAccessorImpl.invoke0(Native Method)
	at sun.reflect.NativeMethodAccessorImpl.invoke(NativeMethodAccessorImpl.java:62)
	at sun.reflect.DelegatingMethodAccessorImpl.invoke(DelegatingMethodAccessorImpl.java:43)
	at java.lang.reflect.Method.invoke(Method.java:498)
	at org.junit.runners.model.FrameworkMethod$1.runReflectiveCall(FrameworkMethod.java:45)
	at org.junit.internal.runners.model.ReflectiveCallable.run(ReflectiveCallable.java:15)
	at org.junit.runners.model.FrameworkMethod.invokeExplosively(FrameworkMethod.java:42)
	at org.junit.internal.runners.statements.InvokeMethod.evaluate(InvokeMethod.java:20)
	at org.junit.internal.runners.statements.RunBefores.evaluate(RunBefores.java:28)
	at org.junit.internal.runners.statements.RunAfters.evaluate(RunAfters.java:30)
	at org.junit.runners.ParentRunner.runLeaf(ParentRunner.java:263)
	at org.junit.runners.BlockJUnit4ClassRunner.runChild(BlockJUnit4ClassRunner.java:68)
	at org.junit.runners.BlockJUnit4ClassRunner.runChild(BlockJUnit4ClassRunner.java:47)
	at org.junit.runners.ParentRunner$3.run(ParentRunner.java:231)
	at org.junit.runners.ParentRunner$1.schedule(ParentRunner.java:60)
	at org.junit.runners.ParentRunner.runChildren(ParentRunner.java:229)
	at org.junit.runners.ParentRunner.access$000(ParentRunner.java:50)
	at org.junit.runners.ParentRunner$2.evaluate(ParentRunner.java:222)
	at org.junit.internal.runners.statements.RunBefores.evaluate(RunBefores.java:28)
	at org.junit.internal.runners.statements.RunAfters.evaluate(RunAfters.java:30)
	at org.junit.runners.ParentRunner.run(ParentRunner.java:300)
	at org.junit.runners.Suite.runChild(Suite.java:128)
	at org.junit.runners.Suite.runChild(Suite.java:24)
	at org.junit.runners.ParentRunner$3.run(ParentRunner.java:231)
	at org.junit.runners.ParentRunner$1.schedule(ParentRunner.java:60)
	at org.junit.runners.ParentRunner.runChildren(ParentRunner.java:229)
	at org.junit.runners.ParentRunner.access$000(ParentRunner.java:50)
	at org.junit.runners.ParentRunner$2.evaluate(ParentRunner.java:222)
	at org.junit.runners.ParentRunner.run(ParentRunner.java:300)
	at org.apache.maven.surefire.junit4.JUnit4Provider.execute(JUnit4Provider.java:316)
	at org.apache.maven.surefire.junit4.JUnit4Provider.executeWithRerun(JUnit4Provider.java:240)
	at org.apache.maven.surefire.junit4.JUnit4Provider.executeTestSet(JUnit4Provider.java:214)
	at org.apache.maven.surefire.junit4.JUnit4Provider.invoke(JUnit4Provider.java:155)
	at org.apache.maven.surefire.booter.ForkedBooter.runSuitesInProcess(ForkedBooter.java:385)
	at org.apache.maven.surefire.booter.ForkedBooter.execute(ForkedBooter.java:162)
	at org.apache.maven.surefire.booter.ForkedBooter.run(ForkedBooter.java:507)
	at org.apache.maven.surefire.booter.ForkedBooter.main(ForkedBooter.java:495)
]]></failure>
  </testcase>
  <testcase name="testSaveBenutzer" classname="test.dbs.entity.TestBenutzer" time="0.005"/>
  <testcase name="testLoadBenutzer" classname="test.dbs.entity.TestBenutzer" time="0.011">
    <failure message="expected:&lt;2026-01-26 1[9]:42:57&gt; but was:&lt;2026-01-26 1[3]:42:57&gt;" type="org.junit.ComparisonFailure"><![CDATA[org.junit.ComparisonFailure: expected:<2026-01-26 1[9]:42:57> but was:<2026-01-26 1[3]:42:57>
	at org.junit.Assert.assertEquals(Assert.java:125)
	at org.junit.Assert.assertEquals(Assert.java:147)
	at test.dbs.entity.TestBenutzer.testLoadBenutzer(TestBenutzer.java:131)
	at sun.reflect.NativeMethodAccessorImpl.invoke0(Native Method)
	at sun.reflect.NativeMethodAccessorImpl.invoke(NativeMethodAccessorImpl.java:62)
	at sun.reflect.DelegatingMethodAccessorImpl.invoke(DelegatingMethodAccessorImpl.java:43)
	at java.lang.reflect.Method.invoke(Method.java:498)
	at org.junit.runners.model.FrameworkMethod$1.runReflectiveCall(FrameworkMethod.java:45)
	at org.junit.internal.runners.model.ReflectiveCallable.run(ReflectiveCallable.java:15)
	at org.junit.runners.model.FrameworkMethod.invokeExplosively(FrameworkMethod.java:42)
	at org.junit.internal.runners.statements.InvokeMethod.evaluate(InvokeMethod.java:20)
	at org.junit.internal.runners.statements.RunBefores.evaluate(RunBefores.java:28)
	at org.junit.internal.runners.statements.RunAfters.evaluate(RunAfters.java:30)
	at org.junit.runners.ParentRunner.runLeaf(ParentRunner.java:263)
	at org.junit.runners.BlockJUnit4ClassRunner.runChild(BlockJUnit4ClassRunner.java:68)
	at org.junit.runners.BlockJUnit4ClassRunner.runChild(BlockJUnit4ClassRunner.java:47)
	at org.junit.runners.ParentRunner$3.run(ParentRunner.java:231)
	at org.junit.runners.ParentRunner$1.schedule(ParentRunner.java:60)
	at org.junit.runners.ParentRunner.runChildren(ParentRunner.java:229)
	at org.junit.runners.ParentRunner.access$000(ParentRunner.java:50)
	at org.junit.runners.ParentRunner$2.evaluate(ParentRunner.java:222)
	at org.junit.internal.runners.statements.RunBefores.evaluate(RunBefores.java:28)
	at org.junit.internal.runners.statements.RunAfters.evaluate(RunAfters.java:30)
	at org.junit.runners.ParentRunner.run(ParentRunner.java:300)
	at org.junit.runners.Suite.runChild(Suite.java:128)
	at org.junit.runners.Suite.runChild(Suite.java:24)
	at org.junit.runners.ParentRunner$3.run(ParentRunner.java:231)
	at org.junit.runners.ParentRunner$1.schedule(ParentRunner.java:60)
	at org.junit.runners.ParentRunner.runChildren(ParentRunner.java:229)
	at org.junit.runners.ParentRunner.access$000(ParentRunner.java:50)
	at org.junit.runners.ParentRunner$2.evaluate(ParentRunner.java:222)
	at org.junit.runners.ParentRunner.run(ParentRunner.java:300)
	at org.apache.maven.surefire.junit4.JUnit4Provider.execute(JUnit4Provider.java:316)
	at org.apache.maven.surefire.junit4.JUnit4Provider.executeWithRerun(JUnit4Provider.java:240)
	at org.apache.maven.surefire.junit4.JUnit4Provider.executeTestSet(JUnit4Provider.java:214)
	at org.apache.maven.surefire.junit4.JUnit4Provider.invoke(JUnit4Provider.java:155)
	at org.apache.maven.surefire.booter.ForkedBooter.runSuitesInProcess(ForkedBooter.java:385)
	at org.apache.maven.surefire.booter.ForkedBooter.execute(ForkedBooter.java:162)
	at org.apache.maven.surefire.booter.ForkedBooter.run(ForkedBooter.java:507)
	at org.apache.maven.surefire.booter.ForkedBooter.main(ForkedBooter.java:495)
]]></failure>
  </testcase>
  <testcase name="testSave2BibliothekareWithSameEmail" classname="test.dbs.entity.TestBenutzer" time="0.016">
    <failure message="Es befinden sich nicht genau 2 Testbenutzer in der DB! expected:&lt;2&gt; but was:&lt;9&gt;" type="java.lang.AssertionError"><![CDATA[java.lang.AssertionError: Es befinden sich nicht genau 2 Testbenutzer in der DB! expected:<2> but was:<9>
	at org.junit.Assert.fail(Assert.java:93)
	at org.junit.Assert.failNotEquals(Assert.java:647)
	at org.junit.Assert.assertEquals(Assert.java:128)
	at org.junit.Assert.assertEquals(Assert.java:472)
	at test.dbs.entity.TestBenutzer.testSave2BibliothekareWithSameEmail(TestBenutzer.java:207)
	at sun.reflect.NativeMethodAccessorImpl.invoke0(Native Method)
	at sun.reflect.NativeMethodAccessorImpl.invoke(NativeMethodAccessorImpl.java:62)
	at sun.reflect.DelegatingMethodAccessorImpl.invoke(DelegatingMethodAccessorImpl.java:43)
	at java.lang.reflect.Method.invoke(Method.java:498)
	at org.junit.runners.model.FrameworkMethod$1.runReflectiveCall(FrameworkMethod.java:45)
	at org.junit.internal.runners.model.ReflectiveCallable.run(ReflectiveCallable.java:15)
	at org.junit.runners.model.FrameworkMethod.invokeExplosively(FrameworkMethod.java:42)
	at org.junit.internal.runners.statements.InvokeMethod.evaluate(InvokeMethod.java:20)
	at org.junit.internal.runners.statements.RunBefores.evaluate(RunBefores.java:28)
	at org.junit.internal.runners.statements.RunAfters.evaluate(RunAfters.java:30)
	at org.junit.runners.ParentRunner.runLeaf(ParentRunner.java:263)
	at org.junit.runners.BlockJUnit4ClassRunner.runChild(BlockJUnit4ClassRunner.java:68)
	at org.junit.runners.BlockJUnit4ClassRunner.runChild(BlockJUnit4ClassRunner.java:47)
	at org.junit.runners.ParentRunner$3.run(ParentRunner.java:231)
	at org.junit.runners.ParentRunner$1.schedule(ParentRunner.java:60)
	at org.junit.runners.ParentRunner.runChildren(ParentRunner.java:229)
	at org.junit.runners.ParentRunner.access$000(ParentRunner.java:50)
	at org.junit.runners.ParentRunner$2.evaluate(ParentRunner.java:222)
	at org.junit.internal.runners.statements.RunBefores.evaluate(RunBefores.java:28)
	at org.junit.internal.runners.statements.RunAfters.evaluate(RunAfters.java:30)
	at org.junit.runners.ParentRunner.run(ParentRunner.java:300)
	at org.junit.runners.Suite.runChild(Suite.java:128)
	at org.junit.runners.Suite.runChild(Suite.java:24)
	at org.junit.runners.ParentRunner$3.run(ParentRunner.java:231)
	at org.junit.runners.ParentRunner$1.schedule(ParentRunner.java:60)
	at org.junit.runners.ParentRunner.runChildren(ParentRunner.java:229)
	at org.junit.runners.ParentRunner.access$000(ParentRunner.java:50)
	at org.junit.runners.ParentRunner$2.evaluate(ParentRunner.java:222)
	at org.junit.runners.ParentRunner.run(ParentRunner.java:300)
	at org.apache.maven.surefire.junit4.JUnit4Provider.execute(JUnit4Provider.java:316)
	at org.apache.maven.surefire.junit4.JUnit4Provider.executeWithRerun(JUnit4Provider.java:240)
	at org.apache.maven.surefire.junit4.JUnit4Provider.executeTestSet(JUnit4Provider.java:214)
	at org.apache.maven.surefire.junit4.JUnit4Provider.invoke(JUnit4Provider.java:155)
	at org.apache.maven.surefire.booter.ForkedBooter.runSuitesInProcess(ForkedBooter.java:385)
	at org.apache.maven.surefire.booter.ForkedBooter.execute(ForkedBooter.java:162)
	at org.apache.maven.surefire.booter.ForkedBooter.run(ForkedBooter.java:507)
	at org.apache.maven.surefire.booter.ForkedBooter.main(ForkedBooter.java:495)
]]></failure>
  </testcase>
  <testcase name="testNewKonto" classname="test.dbs.entity.TestKonto" time="0.012">
    <failure message="Error while chaning the zip code expected:&lt;[4603]&gt; but was:&lt;[10000]&gt;" type="org.junit.ComparisonFailure"><![CDATA[org.junit.ComparisonFailure: Error while chaning the zip code expected:<[4603]> but was:<[10000]>
	at org.junit.Assert.assertEquals(Assert.java:125)
	at test.dbs.entity.TestKonto.testNewKonto(TestKonto.java:80)
	at sun.reflect.NativeMethodAccessorImpl.invoke0(Native Method)
	at sun.reflect.NativeMethodAccessorImpl.invoke(NativeMethodAccessorImpl.java:62)
	at sun.reflect.DelegatingMethodAccessorImpl.invoke(DelegatingMethodAccessorImpl.java:43)
	at java.lang.reflect.Method.invoke(Method.java:498)
	at org.junit.runners.model.FrameworkMethod$1.runReflectiveCall(FrameworkMethod.java:45)
	at org.junit.internal.runners.model.ReflectiveCallable.run(ReflectiveCallable.java:15)
	at org.junit.runners.model.FrameworkMethod.invokeExplosively(FrameworkMethod.java:42)
	at org.junit.internal.runners.statements.InvokeMethod.evaluate(InvokeMethod.java:20)
	at org.junit.internal.runners.statements.RunBefores.evaluate(RunBefores.java:28)
	at org.junit.internal.runners.statements.RunAfters.evaluate(RunAfters.java:30)
	at org.junit.runners.ParentRunner.runLeaf(ParentRunner.java:263)
	at org.junit.runners.BlockJUnit4ClassRunner.runChild(BlockJUnit4ClassRunner.java:68)
	at org.junit.runners.BlockJUnit4ClassRunner.runChild(BlockJUnit4ClassRunner.java:47)
	at org.junit.runners.ParentRunner$3.run(ParentRunner.java:231)
	at org.junit.runners.ParentRunner$1.schedule(ParentRunner.java:60)
	at org.junit.runners.ParentRunner.runChildren(ParentRunner.java:229)
	at org.junit.runners.ParentRunner.access$000(ParentRunner.java:50)
	at org.junit.runners.ParentRunner$2.evaluate(ParentRunner.java:222)
	at org.junit.internal.runners.statements.RunBefores.evaluate(RunBefores.java:28)
	at org.junit.internal.runners.statements.RunAfters.evaluate(RunAfters.java:30)
	at org.junit.runners.ParentRunner.run(ParentRunner.java:300)
	at org.junit.runners.Suite.runChild(Suite.java:128)
	at org.junit.runners.Suite.runChild(Suite.java:24)
	at org.junit.runners.ParentRunner$3.run(ParentRunner.java:231)
	at org.junit.runners.ParentRunner$1.schedule(ParentRunner.java:60)
	at org.junit.runners.ParentRunner.runChildren(ParentRunner.java:229)
	at org.junit.runners.ParentRunner.access$000(ParentRunner.java:50)
	at org.junit.runners.ParentRunner$2.evaluate(ParentRunner.java:222)
	at org.junit.runners.ParentRunner.run(ParentRunner.java:300)
	at org.apache.maven.surefire.junit4.JUnit4Provider.execute(JUnit4Provider.java:316)
	at org.apache.maven.surefire.junit4.JUnit4Provider.executeWithRerun(JUnit4Provider.java:240)
	at org.apache.maven.surefire.junit4.JUnit4Provider.executeTestSet(JUnit4Provider.java:214)
	at org.apache.maven.surefire.junit4.JUnit4Provider.invoke(JUnit4Provider.java:155)
	at org.apache.maven.surefire.booter.ForkedBooter.runSuitesInProcess(ForkedBooter.java:385)
	at org.apache.maven.surefire.booter.ForkedBooter.execute(ForkedBooter.java:162)
	at org.apache.maven.surefire.booter.ForkedBooter.run(ForkedBooter.java:507)
	at org.apache.maven.surefire.booter.ForkedBooter.main(ForkedBooter.java:495)
]]></failure>
    <system-out><![CDATA[13:42:57.848 [main] ERROR ch.dbs.entity.Konto - update(): java.sql.SQLException: Incorrect integer value: '' for column 'billing' at row 1
13:42:57.852 [main] ERROR ch.dbs.entity.Konto - update(): java.sql.SQLException: Incorrect integer value: '' for column 'billing' at row 1
]]></system-out>
  </testcase>
  <testcase name="testLoadKonto" classname="test.dbs.entity.TestKonto" time="0.004"/>
  <testcase name="testIsFiletypeExtension" classname="test.CheckTest" time="0.0"/>
  <testcase name="testIsExactLength" classname="test.CheckTest" time="0.0"/>
  <testcase name="testCountCharacterInString" classname="test.CheckTest" time="0.0"/>
  <testcase name="testIsLengthInMinMax" classname="test.CheckTest" time="0.001"/>
  <testcase name="testContainsOnlyNumbers" classname="test.CheckTest" time="0.0"/>
  <testcase name="testIsEmail" classname="test.CheckTest" time="0.029">
    <system-out><![CDATA[13:42:57.869 [HikariCP connection filler (pool HikariPool-0)] DEBUG com.zaxxer.hikari.pool.HikariPool - After fill pool stats HikariPool-0 (total=10, inUse=4, avail=6, waiting=0)
13:42:57.883 [main] INFO  util.Check - isEmail: C.O’Su@test.test.ch javax.mail.internet.AddressException: Local address contains control or whitespace in string ``C.O’Su@test.test.ch''
13:42:57.888 [main] INFO  util.Check - isEmail: 'test@test.ch' javax.mail.internet.AddressException: Domain contains illegal character in string ``'test@test.ch'''
13:42:57.889 [main] INFO  util.Check - isEmail: test@ javax.mail.internet.AddressException: Missing domain in string ``test@''
13:42:57.890 [main] INFO  util.Check - isEmail: test javax.mail.internet.AddressException: Missing final '@domain' in string ``test''
13:42:57.890 [main] INFO  util.Check - isEmail: @ javax.mail.internet.AddressException: Missing local name in string ``@''
13:42:57.890 [main] INFO  util.Check - isEmail:  javax.mail.internet.AddressException: Empty address in string ``''
13:42:57.890 [main] ERROR util.Check - isEmail: null java.lang.NullPointerException
]]></system-out>
  </testcase>
  <testcase name="testIsValidIssn" classname="test.CheckTest" time="0.001">
    <system-out><![CDATA[13:42:57.890 [main] ERROR util.Check - invalid checksum: 123-1111
13:42:57.890 [main] ERROR util.Check - invalid checksum:  
13:42:57.890 [main] ERROR util.Check - isValidIssn: null java.lang.NullPointerException
]]></system-out>
  </testcase>
  <testcase name="testIsUrl" classname="test.CheckTest" time="0.003">
    <system-out><![CDATA[Gültige URL: http://test.ch
Gültige URL: https://test.ch
Gültige URL: ftp://test.ch
13:42:57.892 [main] INFO  util.Check - isUrl:  java.net.MalformedURLException: no protocol: 
13:42:57.892 [main] INFO  util.Check - isUrl: www.test.ch java.net.MalformedURLException: no protocol: www.test.ch
13:42:57.893 [main] INFO  util.Check - isUrl: fttp://test.ch java.net.MalformedURLException: unknown protocol: fttp
13:42:57.893 [main] INFO  util.Check - isUrl: null java.net.MalformedURLException
]]></system-out>
  </testcase>
  <testcase name="testIsYear" classname="test.CheckTest" time="0.0"/>
  <testcase name="testIsMinLength" classname="test.CheckTest" time="0.0"/>
  <testcase name="testGetAlphanumericWordCharacters" classname="test.CheckTest" time="0.0"/>
  <testcase name="extractFromSeveralIssns" classname="test.ConvertOpenUrlTest" time="0.028"/>
  <testcase name="checkLowercase" classname="test.ConvertOpenUrlTest" time="0.0"/>
  <testcase name="toNormalLetters" classname="test.ConvertOpenUrlTest" time="0.0"/>
  <testcase name="normalizeIssn" classname="test.ConvertOpenUrlTest" time="0.001"/>
  <testcase name="extractStartPage" classname="test.ConvertOpenUrlTest" time="0.0"/>
</testsuite>